<?xml version="1.0" encoding="utf-8"?>
<TestRun id="6fb05ec5-77ed-45cc-a605-4bf576951973" name="@pkrvm7jw40e0xgp 2025-09-08 15:10:54" xmlns="http://microsoft.com/schemas/VisualStudio/TeamTest/2010">
  <Times creation="2025-09-08T15:10:54.7394095+00:00" queuing="2025-09-08T15:10:54.7394096+00:00" start="2025-09-08T15:10:53.5061547+00:00" finish="2025-09-08T15:10:54.9417302+00:00" />
  <TestSettings name="default" id="de50fcc1-6764-48fc-8165-070f5a3a40fe">
    <Deployment runDeploymentRoot="_pkrvm7jw40e0xgp_2025-09-08_15_10_54" />
  </TestSettings>
  <Results>
    <UnitTestResult executionId="2877f84f-6ba2-4da3-9d98-2914739a1336" testId="97046c6a-6e81-8947-5978-8b6f728ddfb1" testName="GameBoy.Tests.InstructionDecodingTests.SpecificInstructions_HaveCorrectMetadata(opcode: 250, expectedMnemonic: &quot;LD A,(a16)&quot;, expectedLength: 3, expectedCycles: 16, expectedOperandType: MemoryImmediate16)" computerName="pkrvm7jw40e0xgp" duration="00:00:00.0000053" startTime="2025-09-08T15:10:54.7092105+00:00" endTime="2025-09-08T15:10:54.7092105+00:00" testType="13cdc9d9-ddb5-4fa4-a97d-d965ccfc6d4b" outcome="Passed" testListId="8c84fa94-04c1-424b-9868-57a2d4851a1d" relativeResultsDirectory="2877f84f-6ba2-4da3-9d98-2914739a1336" />
    <UnitTestResult executionId="f790afd4-54b7-4cd9-a314-c963a58e43b8" testId="947b70cd-4d84-9b6b-4580-d269db74ee3f" testName="GameBoy.Tests.OpcodeTableCoverageTests.Primary_Table_Should_Have_Complete_Coverage" computerName="pkrvm7jw40e0xgp" duration="00:00:00.0002995" startTime="2025-09-08T15:10:54.7280629+00:00" endTime="2025-09-08T15:10:54.7280629+00:00" testType="13cdc9d9-ddb5-4fa4-a97d-d965ccfc6d4b" outcome="Passed" testListId="8c84fa94-04c1-424b-9868-57a2d4851a1d" relativeResultsDirectory="f790afd4-54b7-4cd9-a314-c963a58e43b8" />
    <UnitTestResult executionId="5007f169-42db-40e4-8750-73bab77492e3" testId="9254af5a-af8d-f19f-0feb-43b5eb588fad" testName="GameBoy.Tests.CartridgeMmuIntegrationTests.Mmu_ExternalRam_Mbc5Banking" computerName="pkrvm7jw40e0xgp" duration="00:00:00.0008266" startTime="2025-09-08T15:10:54.6993889+00:00" endTime="2025-09-08T15:10:54.6993890+00:00" testType="13cdc9d9-ddb5-4fa4-a97d-d965ccfc6d4b" outcome="Passed" testListId="8c84fa94-04c1-424b-9868-57a2d4851a1d" relativeResultsDirectory="5007f169-42db-40e4-8750-73bab77492e3" />
    <UnitTestResult executionId="47f3c47b-5dc5-4e49-914c-7405ad6ef8cd" testId="00713273-ffaf-eabf-2926-cb2bda7c8482" testName="GameBoy.Tests.CartridgeMmuIntegrationTests.Mmu_WriteByte_RoutesToCartridgeRom" computerName="pkrvm7jw40e0xgp" duration="00:00:00.0007914" startTime="2025-09-08T15:10:54.6990302+00:00" endTime="2025-09-08T15:10:54.6990303+00:00" testType="13cdc9d9-ddb5-4fa4-a97d-d965ccfc6d4b" outcome="Passed" testListId="8c84fa94-04c1-424b-9868-57a2d4851a1d" relativeResultsDirectory="47f3c47b-5dc5-4e49-914c-7405ad6ef8cd" />
    <UnitTestResult executionId="be759e96-b7bb-4060-a77e-315be11965ea" testId="41624f13-3643-f362-2897-db328849f012" testName="GameBoy.Tests.EmulatorMbcIntegrationTests.Emulator_LoadRom_Mbc3WithBattery_HasBatteryRam" computerName="pkrvm7jw40e0xgp" duration="00:00:00.0005179" startTime="2025-09-08T15:10:54.7202648+00:00" endTime="2025-09-08T15:10:54.7202648+00:00" testType="13cdc9d9-ddb5-4fa4-a97d-d965ccfc6d4b" outcome="Passed" testListId="8c84fa94-04c1-424b-9868-57a2d4851a1d" relativeResultsDirectory="be759e96-b7bb-4060-a77e-315be11965ea" />
    <UnitTestResult executionId="4ab5d72c-aee9-4042-9dfe-9d82a2740bb6" testId="5ae6f225-fd3d-b9aa-d3bf-ff8feb208f3b" testName="GameBoy.Tests.MmuTests.UnusableRegion_WritesIgnored" computerName="pkrvm7jw40e0xgp" duration="00:00:00.0002663" startTime="2025-09-08T15:10:54.6892798+00:00" endTime="2025-09-08T15:10:54.6892799+00:00" testType="13cdc9d9-ddb5-4fa4-a97d-d965ccfc6d4b" outcome="Passed" testListId="8c84fa94-04c1-424b-9868-57a2d4851a1d" relativeResultsDirectory="4ab5d72c-aee9-4042-9dfe-9d82a2740bb6" />
    <UnitTestResult executionId="58ec5ee3-f307-45eb-b34b-7250bf61883d" testId="d3d7520c-9946-57c4-5e03-6827c9a83283" testName="GameBoy.Tests.Mbc3Tests.ExternalRam_RtcRegisters_AccessibleWhenEnabled" computerName="pkrvm7jw40e0xgp" duration="00:00:00.0004614" startTime="2025-09-08T15:10:54.7286641+00:00" endTime="2025-09-08T15:10:54.7286642+00:00" testType="13cdc9d9-ddb5-4fa4-a97d-d965ccfc6d4b" outcome="Passed" testListId="8c84fa94-04c1-424b-9868-57a2d4851a1d" relativeResultsDirectory="58ec5ee3-f307-45eb-b34b-7250bf61883d" />
    <UnitTestResult executionId="a47eeee0-8f20-43d9-a342-0ac26472c51f" testId="3ff5ba0f-280e-7578-da34-44c3b7dcff2f" testName="GameBoy.Tests.CartridgeTests.Detect_Mbc6_ThrowsNotSupportedException" computerName="pkrvm7jw40e0xgp" duration="00:00:00.0174407" startTime="2025-09-08T15:10:54.7093582+00:00" endTime="2025-09-08T15:10:54.7093582+00:00" testType="13cdc9d9-ddb5-4fa4-a97d-d965ccfc6d4b" outcome="Passed" testListId="8c84fa94-04c1-424b-9868-57a2d4851a1d" relativeResultsDirectory="a47eeee0-8f20-43d9-a342-0ac26472c51f" />
    <UnitTestResult executionId="149a9d5a-d65f-4c06-9ab4-37ce30837718" testId="5d0681c7-3e5a-5897-1e98-fc50e07cb646" testName="GameBoy.Tests.IoRegionWiringTests.StubbedIoRegisters_PreserveBehavior" computerName="pkrvm7jw40e0xgp" duration="00:00:00.0170182" startTime="2025-09-08T15:10:54.5398374+00:00" endTime="2025-09-08T15:10:54.5398376+00:00" testType="13cdc9d9-ddb5-4fa4-a97d-d965ccfc6d4b" outcome="Passed" testListId="8c84fa94-04c1-424b-9868-57a2d4851a1d" relativeResultsDirectory="149a9d5a-d65f-4c06-9ab4-37ce30837718" />
    <UnitTestResult executionId="76b6aa71-119c-4ec4-b74c-f46968f50874" testId="9eca94b8-e39f-4c3b-e39a-9ff33450cb46" testName="GameBoy.Tests.Mbc5Tests.ExternalRam_4BitRamBanking_WorksCorrectly" computerName="pkrvm7jw40e0xgp" duration="00:00:00.0026874" startTime="2025-09-08T15:10:54.7270538+00:00" endTime="2025-09-08T15:10:54.7270539+00:00" testType="13cdc9d9-ddb5-4fa4-a97d-d965ccfc6d4b" outcome="Passed" testListId="8c84fa94-04c1-424b-9868-57a2d4851a1d" relativeResultsDirectory="76b6aa71-119c-4ec4-b74c-f46968f50874" />
    <UnitTestResult executionId="1034dac1-3c72-430c-9c88-9952cd7b4cc0" testId="a843a51a-9783-4af2-c639-b0c877e3f93a" testName="GameBoy.Tests.Mbc1Tests.ExternalRam_BasicReadWrite" computerName="pkrvm7jw40e0xgp" duration="00:00:00.0002732" startTime="2025-09-08T15:10:54.7285926+00:00" endTime="2025-09-08T15:10:54.7285927+00:00" testType="13cdc9d9-ddb5-4fa4-a97d-d965ccfc6d4b" outcome="Passed" testListId="8c84fa94-04c1-424b-9868-57a2d4851a1d" relativeResultsDirectory="1034dac1-3c72-430c-9c88-9952cd7b4cc0" />
    <UnitTestResult executionId="2b93f46e-70af-4d8b-b457-450c21000d5c" testId="b71c3882-879b-f996-c9ef-6e6f82095fa6" testName="GameBoy.Tests.Mbc3Tests.ReadRom_BeyondAvailableSize_ReturnsFF" computerName="pkrvm7jw40e0xgp" duration="00:00:00.0006030" startTime="2025-09-08T15:10:54.7298030+00:00" endTime="2025-09-08T15:10:54.7298031+00:00" testType="13cdc9d9-ddb5-4fa4-a97d-d965ccfc6d4b" outcome="Passed" testListId="8c84fa94-04c1-424b-9868-57a2d4851a1d" relativeResultsDirectory="2b93f46e-70af-4d8b-b457-450c21000d5c" />
    <UnitTestResult executionId="9d48daf8-71cb-4910-9115-91acd4aaaeee" testId="b1a9a11f-fa15-53d6-5818-6df3c49e875c" testName="GameBoy.Tests.CartridgeMmuIntegrationTests.Mmu_LoadRom_DetectsCorrectCartridge" computerName="pkrvm7jw40e0xgp" duration="00:00:00.0076307" startTime="2025-09-08T15:10:54.7061755+00:00" endTime="2025-09-08T15:10:54.7061755+00:00" testType="13cdc9d9-ddb5-4fa4-a97d-d965ccfc6d4b" outcome="Passed" testListId="8c84fa94-04c1-424b-9868-57a2d4851a1d" relativeResultsDirectory="9d48daf8-71cb-4910-9115-91acd4aaaeee" />
    <UnitTestResult executionId="18e82e2d-d83a-4e3e-84ea-a138b0884261" testId="3bd37e17-a357-dd0e-5c35-ff1e954d110b" testName="GameBoy.Tests.CartridgeHeaderTests.RamSize_CalculatesCorrectSizeForStandardCodes(code: 2, expectedSize: 8192)" computerName="pkrvm7jw40e0xgp" duration="00:00:00.0000245" startTime="2025-09-08T15:10:54.6944822+00:00" endTime="2025-09-08T15:10:54.6944823+00:00" testType="13cdc9d9-ddb5-4fa4-a97d-d965ccfc6d4b" outcome="Passed" testListId="8c84fa94-04c1-424b-9868-57a2d4851a1d" relativeResultsDirectory="18e82e2d-d83a-4e3e-84ea-a138b0884261" />
    <UnitTestResult executionId="0bae468f-bc16-4a5e-b3ed-fbd4487aa362" testId="c49e2d00-a0d3-4c30-1fc8-7297b872142a" testName="GameBoy.Tests.MmuTests.Unstubbed_IORegisters_WritesIgnored" computerName="pkrvm7jw40e0xgp" duration="00:00:00.0002168" startTime="2025-09-08T15:10:54.6930758+00:00" endTime="2025-09-08T15:10:54.6930759+00:00" testType="13cdc9d9-ddb5-4fa4-a97d-d965ccfc6d4b" outcome="Passed" testListId="8c84fa94-04c1-424b-9868-57a2d4851a1d" relativeResultsDirectory="0bae468f-bc16-4a5e-b3ed-fbd4487aa362" />
    <UnitTestResult executionId="e8ade6dd-acbc-4a9e-85c4-cf4d4daa72e5" testId="aa62db2f-bb74-b7aa-d62d-6596b839e885" testName="GameBoy.Tests.CpuAddressingTests.ReadHL_ReadsFromHLAddress" computerName="pkrvm7jw40e0xgp" duration="00:00:00.0002011" startTime="2025-09-08T15:10:54.7164311+00:00" endTime="2025-09-08T15:10:54.7164312+00:00" testType="13cdc9d9-ddb5-4fa4-a97d-d965ccfc6d4b" outcome="Passed" testListId="8c84fa94-04c1-424b-9868-57a2d4851a1d" relativeResultsDirectory="e8ade6dd-acbc-4a9e-85c4-cf4d4daa72e5" />
    <UnitTestResult executionId="1e1398f2-08b1-4fc6-8c81-c5f69f26916b" testId="c1b5930e-abc0-c16e-85c6-cd5ff1cb4510" testName="GameBoy.Tests.InstructionDecodingTests.SpecificInstructions_HaveCorrectMetadata(opcode: 6, expectedMnemonic: &quot;LD B,d8&quot;, expectedLength: 2, expectedCycles: 8, expectedOperandType: Immediate8)" computerName="pkrvm7jw40e0xgp" duration="00:00:00.0003674" startTime="2025-09-08T15:10:54.7086400+00:00" endTime="2025-09-08T15:10:54.7086400+00:00" testType="13cdc9d9-ddb5-4fa4-a97d-d965ccfc6d4b" outcome="Passed" testListId="8c84fa94-04c1-424b-9868-57a2d4851a1d" relativeResultsDirectory="1e1398f2-08b1-4fc6-8c81-c5f69f26916b" />
    <UnitTestResult executionId="50947b37-af53-42de-bd05-4214b32df9f6" testId="ef6c030d-e675-ebed-ffa8-ce7bf5feed31" testName="GameBoy.Tests.CartridgeHeaderTests.IsValidHeader_InvalidRomSizeCodes_ReturnsFalse(romSizeCode: 81)" computerName="pkrvm7jw40e0xgp" duration="00:00:00.0005473" startTime="2025-09-08T15:10:54.7043176+00:00" endTime="2025-09-08T15:10:54.7043176+00:00" testType="13cdc9d9-ddb5-4fa4-a97d-d965ccfc6d4b" outcome="Passed" testListId="8c84fa94-04c1-424b-9868-57a2d4851a1d" relativeResultsDirectory="50947b37-af53-42de-bd05-4214b32df9f6" />
    <UnitTestResult executionId="ab71acd0-a68c-4ffd-9517-86fe40ffc339" testId="ed5cd5b1-d1f5-e057-68bb-f73e10f36c84" testName="GameBoy.Tests.TestResetBehavior.InitializePostBiosDefaults_ConsistentWithReadBehavior" computerName="pkrvm7jw40e0xgp" duration="00:00:00.0007607" startTime="2025-09-08T15:10:54.6937148+00:00" endTime="2025-09-08T15:10:54.6937149+00:00" testType="13cdc9d9-ddb5-4fa4-a97d-d965ccfc6d4b" outcome="Passed" testListId="8c84fa94-04c1-424b-9868-57a2d4851a1d" relativeResultsDirectory="ab71acd0-a68c-4ffd-9517-86fe40ffc339" />
    <UnitTestResult executionId="0340701e-2de6-4de4-9d4d-290b9a7a4159" testId="a7bf5563-2cb2-c215-2dac-5d52641bf01d" testName="GameBoy.Tests.Mbc1Tests.WriteRom_Bank0Selection_MapsToBank1" computerName="pkrvm7jw40e0xgp" duration="00:00:00.0003655" startTime="2025-09-08T15:10:54.7175732+00:00" endTime="2025-09-08T15:10:54.7175733+00:00" testType="13cdc9d9-ddb5-4fa4-a97d-d965ccfc6d4b" outcome="Passed" testListId="8c84fa94-04c1-424b-9868-57a2d4851a1d" relativeResultsDirectory="0340701e-2de6-4de4-9d4d-290b9a7a4159" />
    <UnitTestResult executionId="b574d66f-7837-4e2b-ad89-4ad0bc23ca24" testId="96977a3e-1a95-c780-8b0f-9b9e70addc86" testName="GameBoy.Tests.EmulatorMbcIntegrationTests.Emulator_LoadRom_UnsupportedMbc_ThrowsNotSupportedException" computerName="pkrvm7jw40e0xgp" duration="00:00:00.0090142" startTime="2025-09-08T15:10:54.7239233+00:00" endTime="2025-09-08T15:10:54.7239234+00:00" testType="13cdc9d9-ddb5-4fa4-a97d-d965ccfc6d4b" outcome="Passed" testListId="8c84fa94-04c1-424b-9868-57a2d4851a1d" relativeResultsDirectory="b574d66f-7837-4e2b-ad89-4ad0bc23ca24" />
    <UnitTestResult executionId="8582e662-8686-491b-8441-9eeaae0a5a96" testId="6e54a05e-b477-f829-bb5e-dcbef35d8f59" testName="GameBoy.Tests.EmulatorTests.Constructor_InitializesPostBiosState" computerName="pkrvm7jw40e0xgp" duration="00:00:00.0065177" startTime="2025-09-08T15:10:54.7251526+00:00" endTime="2025-09-08T15:10:54.7251527+00:00" testType="13cdc9d9-ddb5-4fa4-a97d-d965ccfc6d4b" outcome="Passed" testListId="8c84fa94-04c1-424b-9868-57a2d4851a1d" relativeResultsDirectory="8582e662-8686-491b-8441-9eeaae0a5a96" />
    <UnitTestResult executionId="d8f4cdab-302b-40f1-b461-5ce784a3bed6" testId="e0bae790-fddb-006d-e831-2cde76b6368e" testName="GameBoy.Tests.CartridgeHeaderTests.RomSize_CalculatesCorrectSizeForStandardCodes(code: 1, expectedSize: 65536)" computerName="pkrvm7jw40e0xgp" duration="00:00:00.0002883" startTime="2025-09-08T15:10:54.7075285+00:00" endTime="2025-09-08T15:10:54.7075286+00:00" testType="13cdc9d9-ddb5-4fa4-a97d-d965ccfc6d4b" outcome="Passed" testListId="8c84fa94-04c1-424b-9868-57a2d4851a1d" relativeResultsDirectory="d8f4cdab-302b-40f1-b461-5ce784a3bed6" />
    <UnitTestResult executionId="9cd31239-f63b-4d64-908b-c185fbf30fe6" testId="9e76cdfa-4287-5678-59bc-a2ef16368684" testName="GameBoy.Tests.CartridgeTests.Detect_AllMbc4Variants_ThrowsNotSupportedException(cartridgeType: 22)" computerName="pkrvm7jw40e0xgp" duration="00:00:00.0003229" startTime="2025-09-08T15:10:54.6984772+00:00" endTime="2025-09-08T15:10:54.6984772+00:00" testType="13cdc9d9-ddb5-4fa4-a97d-d965ccfc6d4b" outcome="Passed" testListId="8c84fa94-04c1-424b-9868-57a2d4851a1d" relativeResultsDirectory="9cd31239-f63b-4d64-908b-c185fbf30fe6" />
    <UnitTestResult executionId="2bcf1cfa-b6a1-477b-8b7c-6615da701118" testId="d345d1bd-f78e-8ab1-56d8-a66e5b9e192c" testName="GameBoy.Tests.MmuTests.UnusableRegion_ReadsReturn0xFF" computerName="pkrvm7jw40e0xgp" duration="00:00:00.0002364" startTime="2025-09-08T15:10:54.6933622+00:00" endTime="2025-09-08T15:10:54.6933622+00:00" testType="13cdc9d9-ddb5-4fa4-a97d-d965ccfc6d4b" outcome="Passed" testListId="8c84fa94-04c1-424b-9868-57a2d4851a1d" relativeResultsDirectory="2bcf1cfa-b6a1-477b-8b7c-6615da701118" />
    <UnitTestResult executionId="548d3503-2a9c-4faa-a40a-1c77571dc3a1" testId="1ce02f8c-966b-9d03-e6ad-81a3ad8ee1c4" testName="GameBoy.Tests.CpuAddressingTests.AddressingHelpers_HighRAM_WorksWithOpcodes" computerName="pkrvm7jw40e0xgp" duration="00:00:00.0007705" startTime="2025-09-08T15:10:54.7167331+00:00" endTime="2025-09-08T15:10:54.7167332+00:00" testType="13cdc9d9-ddb5-4fa4-a97d-d965ccfc6d4b" outcome="Passed" testListId="8c84fa94-04c1-424b-9868-57a2d4851a1d" relativeResultsDirectory="548d3503-2a9c-4faa-a40a-1c77571dc3a1" />
    <UnitTestResult executionId="3a148cd7-aa71-407a-8e11-fc70b1afdd22" testId="5b470fa9-7bb8-c70a-13cd-6b0c5673a526" testName="GameBoy.Tests.CartridgeTests.Detect_UnknownCartridgeTypes_ThrowsNotSupportedException(cartridgeType: 187)" computerName="pkrvm7jw40e0xgp" duration="00:00:00.0005274" startTime="2025-09-08T15:10:54.7052403+00:00" endTime="2025-09-08T15:10:54.7052404+00:00" testType="13cdc9d9-ddb5-4fa4-a97d-d965ccfc6d4b" outcome="Passed" testListId="8c84fa94-04c1-424b-9868-57a2d4851a1d" relativeResultsDirectory="3a148cd7-aa71-407a-8e11-fc70b1afdd22" />
    <UnitTestResult executionId="019cd4d8-187d-40d1-9767-9df66f6e9174" testId="c23f992b-b22d-866c-b429-ddd8381c37c6" testName="GameBoy.Tests.AluTests.Add_Overflow_SetsCarryFlag" computerName="pkrvm7jw40e0xgp" duration="00:00:00.0002019" startTime="2025-09-08T15:10:54.7212102+00:00" endTime="2025-09-08T15:10:54.7212103+00:00" testType="13cdc9d9-ddb5-4fa4-a97d-d965ccfc6d4b" outcome="Passed" testListId="8c84fa94-04c1-424b-9868-57a2d4851a1d" relativeResultsDirectory="019cd4d8-187d-40d1-9767-9df66f6e9174" />
    <UnitTestResult executionId="bfda84a2-b7b0-425c-97b1-464bbfe8477a" testId="9dbf0ab8-0850-9f84-3b93-061020f06f9a" testName="GameBoy.Tests.Mbc1Tests.WriteRom_BankBitsIgnored_OnlyLower5BitsUsed" computerName="pkrvm7jw40e0xgp" duration="00:00:00.0047947" startTime="2025-09-08T15:10:54.7156115+00:00" endTime="2025-09-08T15:10:54.7156115+00:00" testType="13cdc9d9-ddb5-4fa4-a97d-d965ccfc6d4b" outcome="Passed" testListId="8c84fa94-04c1-424b-9868-57a2d4851a1d" relativeResultsDirectory="bfda84a2-b7b0-425c-97b1-464bbfe8477a" />
    <UnitTestResult executionId="4751894a-ce18-4c8e-b239-0461602b257e" testId="5fca08ae-038e-7ddb-042a-d45c775cc3a2" testName="GameBoy.Tests.CartridgeTests.Detect_AllMbc3Variants_ReturnsCorrectCartridge(cartridgeType: 19)" computerName="pkrvm7jw40e0xgp" duration="00:00:00.0003011" startTime="2025-09-08T15:10:54.7001469+00:00" endTime="2025-09-08T15:10:54.7001469+00:00" testType="13cdc9d9-ddb5-4fa4-a97d-d965ccfc6d4b" outcome="Passed" testListId="8c84fa94-04c1-424b-9868-57a2d4851a1d" relativeResultsDirectory="4751894a-ce18-4c8e-b239-0461602b257e" />
    <UnitTestResult executionId="9bdf8a94-04e6-4a9e-813e-a52f99b7c92d" testId="1ecaf514-8cf2-6903-aa03-cbaa2bca845b" testName="GameBoy.Tests.CpuAddressingTests.GetR16_ReturnsCorrectRegisterPairValues" computerName="pkrvm7jw40e0xgp" duration="00:00:00.0004990" startTime="2025-09-08T15:10:54.7216975+00:00" endTime="2025-09-08T15:10:54.7216975+00:00" testType="13cdc9d9-ddb5-4fa4-a97d-d965ccfc6d4b" outcome="Passed" testListId="8c84fa94-04c1-424b-9868-57a2d4851a1d" relativeResultsDirectory="9bdf8a94-04e6-4a9e-813e-a52f99b7c92d" />
    <UnitTestResult executionId="96063236-ea6b-4250-a649-1bd99920aab8" testId="eac1986f-bb1b-f50b-46b4-53e51dd584ab" testName="GameBoy.Tests.Mbc5Tests.WriteRom_Bank0Selection_AllowsBank0" computerName="pkrvm7jw40e0xgp" duration="00:00:00.0006029" startTime="2025-09-08T15:10:54.7452150+00:00" endTime="2025-09-08T15:10:54.7452150+00:00" testType="13cdc9d9-ddb5-4fa4-a97d-d965ccfc6d4b" outcome="Passed" testListId="8c84fa94-04c1-424b-9868-57a2d4851a1d" relativeResultsDirectory="96063236-ea6b-4250-a649-1bd99920aab8" />
    <UnitTestResult executionId="18c41099-9c90-4d00-b51d-69c9a7440b14" testId="6f2ac7de-8e4f-7e79-2f26-32c891a5f0db" testName="GameBoy.Tests.CartridgeTests.Detect_AllMbc1Variants_ReturnsCorrectCartridge(cartridgeType: 2)" computerName="pkrvm7jw40e0xgp" duration="00:00:00.0087040" startTime="2025-09-08T15:10:54.6980694+00:00" endTime="2025-09-08T15:10:54.6980695+00:00" testType="13cdc9d9-ddb5-4fa4-a97d-d965ccfc6d4b" outcome="Passed" testListId="8c84fa94-04c1-424b-9868-57a2d4851a1d" relativeResultsDirectory="18c41099-9c90-4d00-b51d-69c9a7440b14" />
    <UnitTestResult executionId="5b084db5-c6c1-4d5a-ad45-9869a813cdc4" testId="f91ff194-938d-3151-15ad-e1bedb725c08" testName="GameBoy.Tests.CartridgeTests.Detect_AllMbc4Variants_ThrowsNotSupportedException(cartridgeType: 23)" computerName="pkrvm7jw40e0xgp" duration="00:00:00.0001508" startTime="2025-09-08T15:10:54.6985366+00:00" endTime="2025-09-08T15:10:54.6985367+00:00" testType="13cdc9d9-ddb5-4fa4-a97d-d965ccfc6d4b" outcome="Passed" testListId="8c84fa94-04c1-424b-9868-57a2d4851a1d" relativeResultsDirectory="5b084db5-c6c1-4d5a-ad45-9869a813cdc4" />
    <UnitTestResult executionId="56c12066-aae2-4669-9d41-1b6d71b4e1e4" testId="ce4c3f67-03df-f1e7-4c97-b130cbc4cb00" testName="GameBoy.Tests.Mbc5Tests.ReadRom_BankX_ReadsFromSwitchableBank" computerName="pkrvm7jw40e0xgp" duration="00:00:00.0041304" startTime="2025-09-08T15:10:54.7272667+00:00" endTime="2025-09-08T15:10:54.7272668+00:00" testType="13cdc9d9-ddb5-4fa4-a97d-d965ccfc6d4b" outcome="Passed" testListId="8c84fa94-04c1-424b-9868-57a2d4851a1d" relativeResultsDirectory="56c12066-aae2-4669-9d41-1b6d71b4e1e4" />
    <UnitTestResult executionId="63f8f4df-08ba-4d2e-a2b7-ac210706035c" testId="1656c5e4-914c-d7f9-cac2-f94c3ce82834" testName="GameBoy.Tests.CartridgeHeaderTests.IsHeaderChecksumValid_ValidChecksum_ReturnsTrue" computerName="pkrvm7jw40e0xgp" duration="00:00:00.0002561" startTime="2025-09-08T15:10:54.7124107+00:00" endTime="2025-09-08T15:10:54.7124107+00:00" testType="13cdc9d9-ddb5-4fa4-a97d-d965ccfc6d4b" outcome="Passed" testListId="8c84fa94-04c1-424b-9868-57a2d4851a1d" relativeResultsDirectory="63f8f4df-08ba-4d2e-a2b7-ac210706035c" />
    <UnitTestResult executionId="88150f94-8f58-40fd-8ca3-7a3403e42d66" testId="79ae824d-ef28-8a08-b47a-078c5e79a094" testName="GameBoy.Tests.Mbc5Tests.WriteRom_UpperBitMasking_OnlyBit0Used" computerName="pkrvm7jw40e0xgp" duration="00:00:00.0264879" startTime="2025-09-08T15:10:54.7700903+00:00" endTime="2025-09-08T15:10:54.7700904+00:00" testType="13cdc9d9-ddb5-4fa4-a97d-d965ccfc6d4b" outcome="Passed" testListId="8c84fa94-04c1-424b-9868-57a2d4851a1d" relativeResultsDirectory="88150f94-8f58-40fd-8ca3-7a3403e42d66" />
    <UnitTestResult executionId="651293a8-cf3a-4680-ada4-489adc42b495" testId="b9c40b62-f47a-cee1-575f-a163f569bddb" testName="GameBoy.Tests.MmuTests.IF_WriteMasksToLower5Bits" computerName="pkrvm7jw40e0xgp" duration="00:00:00.0003067" startTime="2025-09-08T15:10:54.6934361+00:00" endTime="2025-09-08T15:10:54.6934362+00:00" testType="13cdc9d9-ddb5-4fa4-a97d-d965ccfc6d4b" outcome="Passed" testListId="8c84fa94-04c1-424b-9868-57a2d4851a1d" relativeResultsDirectory="651293a8-cf3a-4680-ada4-489adc42b495" />
    <UnitTestResult executionId="4f0e8581-9054-4029-968e-ef9319b2ccc5" testId="e8e929bb-1529-0802-d2a3-a25e16295f97" testName="GameBoy.Tests.InstructionDecodingTests.Instruction_OperandTypes_AreCorrectlyDeduced" computerName="pkrvm7jw40e0xgp" duration="00:00:00.0008426" startTime="2025-09-08T15:10:54.7139293+00:00" endTime="2025-09-08T15:10:54.7139294+00:00" testType="13cdc9d9-ddb5-4fa4-a97d-d965ccfc6d4b" outcome="Passed" testListId="8c84fa94-04c1-424b-9868-57a2d4851a1d" relativeResultsDirectory="4f0e8581-9054-4029-968e-ef9319b2ccc5" />
    <UnitTestResult executionId="4be38433-4f6d-49d0-9a09-649647c8b2ed" testId="854906ef-44e3-5671-1b10-24de982401a2" testName="GameBoy.Tests.AluTests.Add_EdgeCases_BehavesCorrectly(a: 127, operand: 1)" computerName="pkrvm7jw40e0xgp" duration="00:00:00.0000078" startTime="2025-09-08T15:10:54.7194116+00:00" endTime="2025-09-08T15:10:54.7194117+00:00" testType="13cdc9d9-ddb5-4fa4-a97d-d965ccfc6d4b" outcome="Passed" testListId="8c84fa94-04c1-424b-9868-57a2d4851a1d" relativeResultsDirectory="4be38433-4f6d-49d0-9a09-649647c8b2ed" />
    <UnitTestResult executionId="aa226a3a-4d0c-4f14-8675-5310e57e43dd" testId="b60c5050-48cc-a513-8c20-d39039775d13" testName="GameBoy.Tests.MmuTests.IF_RegisterSemantics_UpperBitsAlwaysSetOnRead" computerName="pkrvm7jw40e0xgp" duration="00:00:00.0031235" startTime="2025-09-08T15:10:54.6897097+00:00" endTime="2025-09-08T15:10:54.6897097+00:00" testType="13cdc9d9-ddb5-4fa4-a97d-d965ccfc6d4b" outcome="Passed" testListId="8c84fa94-04c1-424b-9868-57a2d4851a1d" relativeResultsDirectory="aa226a3a-4d0c-4f14-8675-5310e57e43dd" />
    <UnitTestResult executionId="3f5cbcdc-d243-484b-bfec-4090f1e5ee43" testId="b5f40ad3-582a-aeab-e8e8-850be670f750" testName="GameBoy.Tests.Mbc3Tests.RtcLatch_LatchingBehavior_UpdatesRegisters" computerName="pkrvm7jw40e0xgp" duration="00:00:00.0004926" startTime="2025-09-08T15:10:54.7290263+00:00" endTime="2025-09-08T15:10:54.7290263+00:00" testType="13cdc9d9-ddb5-4fa4-a97d-d965ccfc6d4b" outcome="Passed" testListId="8c84fa94-04c1-424b-9868-57a2d4851a1d" relativeResultsDirectory="3f5cbcdc-d243-484b-bfec-4090f1e5ee43" />
    <UnitTestResult executionId="00fae04f-6d58-4922-bbda-650f229175b4" testId="800633a9-c281-8a02-ccd0-0706d0f50e41" testName="GameBoy.Tests.Mbc1Tests.ReadRom_BeyondAvailableSize_ReturnsFF" computerName="pkrvm7jw40e0xgp" duration="00:00:00.0003571" startTime="2025-09-08T15:10:54.7183390+00:00" endTime="2025-09-08T15:10:54.7183391+00:00" testType="13cdc9d9-ddb5-4fa4-a97d-d965ccfc6d4b" outcome="Passed" testListId="8c84fa94-04c1-424b-9868-57a2d4851a1d" relativeResultsDirectory="00fae04f-6d58-4922-bbda-650f229175b4" />
    <UnitTestResult executionId="91d02dae-0af8-4835-a476-caf6780ab58d" testId="d0edd84d-2f50-3142-246d-c739cb00af81" testName="GameBoy.Tests.Mbc3Tests.BatteryInterface_GetExternalRam_IncludesRamAndRtc" computerName="pkrvm7jw40e0xgp" duration="00:00:00.0004354" startTime="2025-09-08T15:10:54.7271981+00:00" endTime="2025-09-08T15:10:54.7271981+00:00" testType="13cdc9d9-ddb5-4fa4-a97d-d965ccfc6d4b" outcome="Passed" testListId="8c84fa94-04c1-424b-9868-57a2d4851a1d" relativeResultsDirectory="91d02dae-0af8-4835-a476-caf6780ab58d" />
    <UnitTestResult executionId="9fc405bb-2d30-4d12-bd2a-68b81a6ae2cf" testId="632b4574-536b-363d-b3df-3cea0d75d690" testName="GameBoy.Tests.AluTests.Subtract_EdgeCases_BehavesCorrectly(a: 255, operand: 1)" computerName="pkrvm7jw40e0xgp" duration="00:00:00.0141665" startTime="2025-09-08T15:10:54.7145870+00:00" endTime="2025-09-08T15:10:54.7145871+00:00" testType="13cdc9d9-ddb5-4fa4-a97d-d965ccfc6d4b" outcome="Passed" testListId="8c84fa94-04c1-424b-9868-57a2d4851a1d" relativeResultsDirectory="9fc405bb-2d30-4d12-bd2a-68b81a6ae2cf" />
    <UnitTestResult executionId="7a27b55c-12d0-4abb-a9d6-362eed2e6851" testId="15e035ed-afb8-5321-580b-fab9257f66ce" testName="GameBoy.Tests.CartridgeHeaderTests.IsValidHeader_InvalidRamSize_ReturnsFalse" computerName="pkrvm7jw40e0xgp" duration="00:00:00.0001767" startTime="2025-09-08T15:10:54.7072673+00:00" endTime="2025-09-08T15:10:54.7072674+00:00" testType="13cdc9d9-ddb5-4fa4-a97d-d965ccfc6d4b" outcome="Passed" testListId="8c84fa94-04c1-424b-9868-57a2d4851a1d" relativeResultsDirectory="7a27b55c-12d0-4abb-a9d6-362eed2e6851" />
    <UnitTestResult executionId="e6e1f58d-2ce5-4a68-b673-79f0f6b08b96" testId="e5d42409-ac9d-df3e-a096-d0c7d1b4028f" testName="GameBoy.Tests.EmulatorMbcIntegrationTests.Emulator_ExternalRamAccessibility_AllMbcTypes" computerName="pkrvm7jw40e0xgp" duration="00:00:00.0126735" startTime="2025-09-08T15:10:54.7157561+00:00" endTime="2025-09-08T15:10:54.7157561+00:00" testType="13cdc9d9-ddb5-4fa4-a97d-d965ccfc6d4b" outcome="Passed" testListId="8c84fa94-04c1-424b-9868-57a2d4851a1d" relativeResultsDirectory="e6e1f58d-2ce5-4a68-b673-79f0f6b08b96" />
    <UnitTestResult executionId="da6ce74e-d224-4fa2-8ccf-fa29f8bff8f5" testId="316e284d-edd5-4bd1-fc45-78d929242d67" testName="GameBoy.Tests.CpuTests.Add_A_r_AddsToRegisterA" computerName="pkrvm7jw40e0xgp" duration="00:00:00.0003213" startTime="2025-09-08T15:10:54.7259514+00:00" endTime="2025-09-08T15:10:54.7259515+00:00" testType="13cdc9d9-ddb5-4fa4-a97d-d965ccfc6d4b" outcome="Passed" testListId="8c84fa94-04c1-424b-9868-57a2d4851a1d" relativeResultsDirectory="da6ce74e-d224-4fa2-8ccf-fa29f8bff8f5" />
    <UnitTestResult executionId="21ea6c1f-3120-4118-9566-dd164fdddf14" testId="dfa8f005-e088-66b0-9056-afac8b9a2771" testName="GameBoy.Tests.CpuAddressingTests.ReadBC_ReadsFromBCAddress" computerName="pkrvm7jw40e0xgp" duration="00:00:00.0016727" startTime="2025-09-08T15:10:54.7156802+00:00" endTime="2025-09-08T15:10:54.7156802+00:00" testType="13cdc9d9-ddb5-4fa4-a97d-d965ccfc6d4b" outcome="Passed" testListId="8c84fa94-04c1-424b-9868-57a2d4851a1d" relativeResultsDirectory="21ea6c1f-3120-4118-9566-dd164fdddf14" />
    <UnitTestResult executionId="d4e47e1c-ab42-41f0-ad75-dfc12079d62a" testId="f5c487c0-bd35-fb9f-7c01-87de885468b0" testName="GameBoy.Tests.Mbc1Tests.WriteRom_AdvancedBankingMode_SwitchesMode" computerName="pkrvm7jw40e0xgp" duration="00:00:00.0127393" startTime="2025-09-08T15:10:54.7304517+00:00" endTime="2025-09-08T15:10:54.7304517+00:00" testType="13cdc9d9-ddb5-4fa4-a97d-d965ccfc6d4b" outcome="Passed" testListId="8c84fa94-04c1-424b-9868-57a2d4851a1d" relativeResultsDirectory="d4e47e1c-ab42-41f0-ad75-dfc12079d62a" />
    <UnitTestResult executionId="5b5212c6-06e4-43d6-bb42-8e29a4ff74dd" testId="fb14dbd9-3f14-990f-c390-f23538e326aa" testName="GameBoy.Tests.CartridgeTests.Detect_AllMbc3Variants_ReturnsCorrectCartridge(cartridgeType: 15)" computerName="pkrvm7jw40e0xgp" duration="00:00:00.0000381" startTime="2025-09-08T15:10:54.7002623+00:00" endTime="2025-09-08T15:10:54.7002623+00:00" testType="13cdc9d9-ddb5-4fa4-a97d-d965ccfc6d4b" outcome="Passed" testListId="8c84fa94-04c1-424b-9868-57a2d4851a1d" relativeResultsDirectory="5b5212c6-06e4-43d6-bb42-8e29a4ff74dd" />
    <UnitTestResult executionId="089368ee-1e45-4dc5-bfd4-290196bfb672" testId="d9602e59-b78b-59fb-0ce2-40e1df8134c9" testName="GameBoy.Tests.AluTests.And_BasicOperation_CorrectResult" computerName="pkrvm7jw40e0xgp" duration="00:00:00.0001677" startTime="2025-09-08T15:10:54.7218667+00:00" endTime="2025-09-08T15:10:54.7218667+00:00" testType="13cdc9d9-ddb5-4fa4-a97d-d965ccfc6d4b" outcome="Passed" testListId="8c84fa94-04c1-424b-9868-57a2d4851a1d" relativeResultsDirectory="089368ee-1e45-4dc5-bfd4-290196bfb672" />
    <UnitTestResult executionId="f46bc5a0-f82d-4373-bb1b-a2136ce8e32c" testId="8f9f63db-2214-9cab-2eef-1fb3bb4b65a4" testName="GameBoy.Tests.CartridgeTests.Detect_AllMbc5Variants_ReturnsCorrectCartridge(cartridgeType: 26)" computerName="pkrvm7jw40e0xgp" duration="00:00:00.0000455" startTime="2025-09-08T15:10:54.7051632+00:00" endTime="2025-09-08T15:10:54.7051632+00:00" testType="13cdc9d9-ddb5-4fa4-a97d-d965ccfc6d4b" outcome="Passed" testListId="8c84fa94-04c1-424b-9868-57a2d4851a1d" relativeResultsDirectory="f46bc5a0-f82d-4373-bb1b-a2136ce8e32c" />
    <UnitTestResult executionId="09640978-89ca-4a50-8bb8-746aea57e0b1" testId="6ae15b65-ae4b-1bce-4c25-6a54788ea6c7" testName="GameBoy.Tests.Mbc1Tests.WriteRom_RamEnable_EnablesRamAccess" computerName="pkrvm7jw40e0xgp" duration="00:00:00.0021367" startTime="2025-09-08T15:10:54.7284611+00:00" endTime="2025-09-08T15:10:54.7284612+00:00" testType="13cdc9d9-ddb5-4fa4-a97d-d965ccfc6d4b" outcome="Passed" testListId="8c84fa94-04c1-424b-9868-57a2d4851a1d" relativeResultsDirectory="09640978-89ca-4a50-8bb8-746aea57e0b1" />
    <UnitTestResult executionId="e7537cb2-801e-43a3-ba7f-b9f51a0218b6" testId="4fce3a6f-33cf-35ce-a94c-5813500576ce" testName="GameBoy.Tests.IoRegionWiringTests.UnusedIoRegisters_IgnoreWrites" computerName="pkrvm7jw40e0xgp" duration="00:00:00.0002983" startTime="2025-09-08T15:10:54.6838128+00:00" endTime="2025-09-08T15:10:54.6838128+00:00" testType="13cdc9d9-ddb5-4fa4-a97d-d965ccfc6d4b" outcome="Passed" testListId="8c84fa94-04c1-424b-9868-57a2d4851a1d" relativeResultsDirectory="e7537cb2-801e-43a3-ba7f-b9f51a0218b6" />
    <UnitTestResult executionId="92b3b743-1aa1-4977-99f1-54e1e7d532ce" testId="1577a67b-c6e1-3fec-6f1a-e23b16f3c308" testName="GameBoy.Tests.CartridgeTests.Detect_AllMbc5Variants_ReturnsCorrectCartridge(cartridgeType: 28)" computerName="pkrvm7jw40e0xgp" duration="00:00:00.0000500" startTime="2025-09-08T15:10:54.7045038+00:00" endTime="2025-09-08T15:10:54.7045039+00:00" testType="13cdc9d9-ddb5-4fa4-a97d-d965ccfc6d4b" outcome="Passed" testListId="8c84fa94-04c1-424b-9868-57a2d4851a1d" relativeResultsDirectory="92b3b743-1aa1-4977-99f1-54e1e7d532ce" />
    <UnitTestResult executionId="305205d1-c8e3-4647-bd00-27fda3e715e5" testId="17117808-92f4-a49f-104a-27c2dae91b62" testName="GameBoy.Tests.Mbc3Tests.RtcLatch_ExtremeValues_HandledGracefully" computerName="pkrvm7jw40e0xgp" duration="00:00:00.0002604" startTime="2025-09-08T15:10:54.7298705+00:00" endTime="2025-09-08T15:10:54.7298706+00:00" testType="13cdc9d9-ddb5-4fa4-a97d-d965ccfc6d4b" outcome="Passed" testListId="8c84fa94-04c1-424b-9868-57a2d4851a1d" relativeResultsDirectory="305205d1-c8e3-4647-bd00-27fda3e715e5" />
    <UnitTestResult executionId="25d03b9f-a354-40c2-94a4-3bfc65fb5852" testId="78862126-efef-49da-6328-723a942c39d3" testName="GameBoy.Tests.Mbc1Tests.ExternalRam_BeyondAvailableBanks_ReturnsFF" computerName="pkrvm7jw40e0xgp" duration="00:00:00.0045867" startTime="2025-09-08T15:10:54.7168794+00:00" endTime="2025-09-08T15:10:54.7168794+00:00" testType="13cdc9d9-ddb5-4fa4-a97d-d965ccfc6d4b" outcome="Passed" testListId="8c84fa94-04c1-424b-9868-57a2d4851a1d" relativeResultsDirectory="25d03b9f-a354-40c2-94a4-3bfc65fb5852" />
    <UnitTestResult executionId="90ea8f9f-3826-4cc0-8872-27e7d52fd1c3" testId="978040fa-4f8b-36da-ab29-4799df628420" testName="GameBoy.Tests.CartridgeTests.Detect_AllMbc3Variants_ReturnsCorrectCartridge(cartridgeType: 17)" computerName="pkrvm7jw40e0xgp" duration="00:00:00.0000512" startTime="2025-09-08T15:10:54.7002078+00:00" endTime="2025-09-08T15:10:54.7002079+00:00" testType="13cdc9d9-ddb5-4fa4-a97d-d965ccfc6d4b" outcome="Passed" testListId="8c84fa94-04c1-424b-9868-57a2d4851a1d" relativeResultsDirectory="90ea8f9f-3826-4cc0-8872-27e7d52fd1c3" />
    <UnitTestResult executionId="c988905c-cfb0-430f-802b-977cab8e5775" testId="dae4ed5e-68f7-ae13-06ad-634f1ae3e185" testName="GameBoy.Tests.EmulatorMbcIntegrationTests.Emulator_BatteryRam_SaveLoad_Mbc5RamBanking" computerName="pkrvm7jw40e0xgp" duration="00:00:00.0055560" startTime="2025-09-08T15:10:54.7195350+00:00" endTime="2025-09-08T15:10:54.7195351+00:00" testType="13cdc9d9-ddb5-4fa4-a97d-d965ccfc6d4b" outcome="Passed" testListId="8c84fa94-04c1-424b-9868-57a2d4851a1d" relativeResultsDirectory="c988905c-cfb0-430f-802b-977cab8e5775" />
    <UnitTestResult executionId="2662bb5b-4eb7-4875-8f7e-b35d4797ed66" testId="0601d065-bb56-7b28-9b46-f6b4ea60b390" testName="GameBoy.Tests.InstructionDecodingTests.CPU_Step_HandlesCBPrefixedOpcodes" computerName="pkrvm7jw40e0xgp" duration="00:00:00.0003289" startTime="2025-09-08T15:10:54.7140131+00:00" endTime="2025-09-08T15:10:54.7140132+00:00" testType="13cdc9d9-ddb5-4fa4-a97d-d965ccfc6d4b" outcome="Passed" testListId="8c84fa94-04c1-424b-9868-57a2d4851a1d" relativeResultsDirectory="2662bb5b-4eb7-4875-8f7e-b35d4797ed66" />
    <UnitTestResult executionId="4709c333-260f-49a7-ba3a-2ae8c7d1b6b2" testId="f506546c-55c3-226b-f092-bf46c3b0e995" testName="GameBoy.Tests.Mbc1Tests.BatteryInterface_NoBatteryCartridge_ReturnsNull" computerName="pkrvm7jw40e0xgp" duration="00:00:00.0002160" startTime="2025-09-08T15:10:54.7305200+00:00" endTime="2025-09-08T15:10:54.7305201+00:00" testType="13cdc9d9-ddb5-4fa4-a97d-d965ccfc6d4b" outcome="Passed" testListId="8c84fa94-04c1-424b-9868-57a2d4851a1d" relativeResultsDirectory="4709c333-260f-49a7-ba3a-2ae8c7d1b6b2" />
    <UnitTestResult executionId="411d9150-6c3f-4c9d-b380-076b81a9439a" testId="858dcae1-c567-bff8-3421-4c4b006488f5" testName="GameBoy.Tests.CartridgeTests.Detect_TooSmallRom_ThrowsException" computerName="pkrvm7jw40e0xgp" duration="00:00:00.0003186" startTime="2025-09-08T15:10:54.7119376+00:00" endTime="2025-09-08T15:10:54.7119377+00:00" testType="13cdc9d9-ddb5-4fa4-a97d-d965ccfc6d4b" outcome="Passed" testListId="8c84fa94-04c1-424b-9868-57a2d4851a1d" relativeResultsDirectory="411d9150-6c3f-4c9d-b380-076b81a9439a" />
    <UnitTestResult executionId="35c9930b-b2cd-4241-87d3-f098561372f0" testId="4ef83935-2c9d-9172-b02d-2e01d610b9a6" testName="GameBoy.Tests.InstructionDecodingTests.SpecificInstructions_HaveCorrectMetadata(opcode: 64, expectedMnemonic: &quot;LD B,B&quot;, expectedLength: 1, expectedCycles: 4, expectedOperandType: Register)" computerName="pkrvm7jw40e0xgp" duration="00:00:00.0000054" startTime="2025-09-08T15:10:54.7092891+00:00" endTime="2025-09-08T15:10:54.7092892+00:00" testType="13cdc9d9-ddb5-4fa4-a97d-d965ccfc6d4b" outcome="Passed" testListId="8c84fa94-04c1-424b-9868-57a2d4851a1d" relativeResultsDirectory="35c9930b-b2cd-4241-87d3-f098561372f0" />
    <UnitTestResult executionId="79e3aef0-968a-4470-b22a-ffc5584425a2" testId="b402c6ca-9fa9-2358-e802-fe13886feb8b" testName="GameBoy.Tests.CartridgeHeaderTests.RomSize_CalculatesCorrectSizeForStandardCodes(code: 7, expectedSize: 4194304)" computerName="pkrvm7jw40e0xgp" duration="00:00:00.0000085" startTime="2025-09-08T15:10:54.7082603+00:00" endTime="2025-09-08T15:10:54.7082604+00:00" testType="13cdc9d9-ddb5-4fa4-a97d-d965ccfc6d4b" outcome="Passed" testListId="8c84fa94-04c1-424b-9868-57a2d4851a1d" relativeResultsDirectory="79e3aef0-968a-4470-b22a-ffc5584425a2" />
    <UnitTestResult executionId="c0dfd2a0-6d96-4c60-b636-83cbf06d636f" testId="6453f326-eec3-69c8-c371-8a4d45690011" testName="GameBoy.Tests.EmulatorMbcIntegrationTests.Emulator_BatteryRam_SaveLoad_Mbc3WithRtc" computerName="pkrvm7jw40e0xgp" duration="00:00:00.0072228" startTime="2025-09-08T15:10:54.7261847+00:00" endTime="2025-09-08T15:10:54.7261847+00:00" testType="13cdc9d9-ddb5-4fa4-a97d-d965ccfc6d4b" outcome="Passed" testListId="8c84fa94-04c1-424b-9868-57a2d4851a1d" relativeResultsDirectory="c0dfd2a0-6d96-4c60-b636-83cbf06d636f" />
    <UnitTestResult executionId="fae9835d-6a88-4f2a-8f6b-2213f0dd7443" testId="bb6d6d49-b42d-12b0-93af-94d6a5818cca" testName="GameBoy.Tests.CpuAddressingTests.SetR8_ThrowsForReservedIndex" computerName="pkrvm7jw40e0xgp" duration="00:00:00.0003993" startTime="2025-09-08T15:10:54.7232451+00:00" endTime="2025-09-08T15:10:54.7232452+00:00" testType="13cdc9d9-ddb5-4fa4-a97d-d965ccfc6d4b" outcome="Passed" testListId="8c84fa94-04c1-424b-9868-57a2d4851a1d" relativeResultsDirectory="fae9835d-6a88-4f2a-8f6b-2213f0dd7443" />
    <UnitTestResult executionId="42bb33ba-cf42-43b5-9fe5-442eb53e11ea" testId="de4e05da-3328-a544-d910-69d51975e04a" testName="GameBoy.Tests.CartridgeHeaderTests.RomSize_CalculatesCorrectSizeForStandardCodes(code: 5, expectedSize: 1048576)" computerName="pkrvm7jw40e0xgp" duration="00:00:00.0000089" startTime="2025-09-08T15:10:54.7083221+00:00" endTime="2025-09-08T15:10:54.7083222+00:00" testType="13cdc9d9-ddb5-4fa4-a97d-d965ccfc6d4b" outcome="Passed" testListId="8c84fa94-04c1-424b-9868-57a2d4851a1d" relativeResultsDirectory="42bb33ba-cf42-43b5-9fe5-442eb53e11ea" />
    <UnitTestResult executionId="3ecec2c3-d9d4-493f-9b08-b1b3af168c15" testId="34179792-2372-f1a4-bfa2-c71419beeb96" testName="GameBoy.Tests.CpuAddressingTests.WriteImm16Addr_WritesToImmediateAddress" computerName="pkrvm7jw40e0xgp" duration="00:00:00.0004846" startTime="2025-09-08T15:10:54.7188202+00:00" endTime="2025-09-08T15:10:54.7188202+00:00" testType="13cdc9d9-ddb5-4fa4-a97d-d965ccfc6d4b" outcome="Passed" testListId="8c84fa94-04c1-424b-9868-57a2d4851a1d" relativeResultsDirectory="3ecec2c3-d9d4-493f-9b08-b1b3af168c15" />
    <UnitTestResult executionId="d56e92ef-048c-489d-bc6e-ed333690eb0d" testId="736a4bef-bdb1-78f2-ba0b-46d191f101ec" testName="GameBoy.Tests.InstructionDecodingTests.Primary_KnownOpcodes_AreNotNull" computerName="pkrvm7jw40e0xgp" duration="00:00:00.0014329" startTime="2025-09-08T15:10:54.7136951+00:00" endTime="2025-09-08T15:10:54.7136952+00:00" testType="13cdc9d9-ddb5-4fa4-a97d-d965ccfc6d4b" outcome="Passed" testListId="8c84fa94-04c1-424b-9868-57a2d4851a1d" relativeResultsDirectory="d56e92ef-048c-489d-bc6e-ed333690eb0d" />
    <UnitTestResult executionId="67f4124c-7587-4178-8edc-23198bc8a436" testId="1482e0f1-adca-ade8-b149-8abc934249b7" testName="GameBoy.Tests.CartridgeHeaderTests.GetMbcType_ReturnsCorrectMbcForKnownTypes" computerName="pkrvm7jw40e0xgp" duration="00:00:00.0110728" startTime="2025-09-08T15:10:54.6995208+00:00" endTime="2025-09-08T15:10:54.6995209+00:00" testType="13cdc9d9-ddb5-4fa4-a97d-d965ccfc6d4b" outcome="Passed" testListId="8c84fa94-04c1-424b-9868-57a2d4851a1d" relativeResultsDirectory="67f4124c-7587-4178-8edc-23198bc8a436" />
    <UnitTestResult executionId="267a6e92-c236-4eb3-a995-953b91f6eb08" testId="6582d5da-7575-b5da-765c-6bd7f2c3c453" testName="GameBoy.Tests.CartridgeTests.Detect_AllMbc5Variants_ReturnsCorrectCartridge(cartridgeType: 30)" computerName="pkrvm7jw40e0xgp" duration="00:00:00.0037479" startTime="2025-09-08T15:10:54.7043750+00:00" endTime="2025-09-08T15:10:54.7043750+00:00" testType="13cdc9d9-ddb5-4fa4-a97d-d965ccfc6d4b" outcome="Passed" testListId="8c84fa94-04c1-424b-9868-57a2d4851a1d" relativeResultsDirectory="267a6e92-c236-4eb3-a995-953b91f6eb08" />
    <UnitTestResult executionId="38b04e5d-7205-44ec-88e7-0f2ef70f9ec5" testId="60fe7012-5b2d-c287-e552-24c4866393ba" testName="GameBoy.Tests.EmulatorMbcIntegrationTests.Mmu_ErrorHandling_ExternalRamAccessibility" computerName="pkrvm7jw40e0xgp" duration="00:00:00.0003399" startTime="2025-09-08T15:10:54.7241070+00:00" endTime="2025-09-08T15:10:54.7241071+00:00" testType="13cdc9d9-ddb5-4fa4-a97d-d965ccfc6d4b" outcome="Passed" testListId="8c84fa94-04c1-424b-9868-57a2d4851a1d" relativeResultsDirectory="38b04e5d-7205-44ec-88e7-0f2ef70f9ec5" />
    <UnitTestResult executionId="6ef47635-4022-4b97-83bb-a15f1d9763a1" testId="08d7c887-cfdb-91f7-a4d3-c86efbebb1e3" testName="GameBoy.Tests.Mbc5Tests.ExternalRam_Max16Banks_WorksCorrectly" computerName="pkrvm7jw40e0xgp" duration="00:00:00.0010094" startTime="2025-09-08T15:10:54.8027232+00:00" endTime="2025-09-08T15:10:54.8027233+00:00" testType="13cdc9d9-ddb5-4fa4-a97d-d965ccfc6d4b" outcome="Passed" testListId="8c84fa94-04c1-424b-9868-57a2d4851a1d" relativeResultsDirectory="6ef47635-4022-4b97-83bb-a15f1d9763a1" />
    <UnitTestResult executionId="4915d1f4-3a12-4e3f-a506-c196676610cf" testId="06119e69-dfbf-234b-b8b0-6197b791bb56" testName="GameBoy.Tests.CartridgeHeaderTests.RamSize_CalculatesCorrectSizeForStandardCodes(code: 0, expectedSize: 0)" computerName="pkrvm7jw40e0xgp" duration="00:00:00.0000349" startTime="2025-09-08T15:10:54.6945952+00:00" endTime="2025-09-08T15:10:54.6945952+00:00" testType="13cdc9d9-ddb5-4fa4-a97d-d965ccfc6d4b" outcome="Passed" testListId="8c84fa94-04c1-424b-9868-57a2d4851a1d" relativeResultsDirectory="4915d1f4-3a12-4e3f-a506-c196676610cf" />
    <UnitTestResult executionId="85a1af8a-3235-46f5-a6a4-1015363bf3dc" testId="7d42feb9-bbac-5e95-7966-4598ed6ca7c8" testName="GameBoy.Tests.CpuAddressingTests.ReadDE_ReadsFromDEAddress" computerName="pkrvm7jw40e0xgp" duration="00:00:00.0003050" startTime="2025-09-08T15:10:54.7184987+00:00" endTime="2025-09-08T15:10:54.7184987+00:00" testType="13cdc9d9-ddb5-4fa4-a97d-d965ccfc6d4b" outcome="Passed" testListId="8c84fa94-04c1-424b-9868-57a2d4851a1d" relativeResultsDirectory="85a1af8a-3235-46f5-a6a4-1015363bf3dc" />
    <UnitTestResult executionId="586bb6f1-789c-42cc-92bd-9404650b6569" testId="a6121617-b4c3-5aa2-fa38-ce9a01f41108" testName="GameBoy.Tests.CartridgeHeaderTests.Parse_ValidRom_ParsesHeaderCorrectly" computerName="pkrvm7jw40e0xgp" duration="00:00:00.0005710" startTime="2025-09-08T15:10:54.7129556+00:00" endTime="2025-09-08T15:10:54.7129556+00:00" testType="13cdc9d9-ddb5-4fa4-a97d-d965ccfc6d4b" outcome="Passed" testListId="8c84fa94-04c1-424b-9868-57a2d4851a1d" relativeResultsDirectory="586bb6f1-789c-42cc-92bd-9404650b6569" />
    <UnitTestResult executionId="f301f769-655b-4d37-b98a-1f6ebc5c4280" testId="7d3ff08e-32d6-15e7-2b0a-f19eaaa9140e" testName="GameBoy.Tests.CartridgeTests.Detect_Mbc3Rom_ReturnsCorrectCartridge" computerName="pkrvm7jw40e0xgp" duration="00:00:00.0001522" startTime="2025-09-08T15:10:54.7103416+00:00" endTime="2025-09-08T15:10:54.7103417+00:00" testType="13cdc9d9-ddb5-4fa4-a97d-d965ccfc6d4b" outcome="Passed" testListId="8c84fa94-04c1-424b-9868-57a2d4851a1d" relativeResultsDirectory="f301f769-655b-4d37-b98a-1f6ebc5c4280" />
    <UnitTestResult executionId="08d87677-5550-4540-b3d5-f6d8122ffa9e" testId="35afbf55-0088-9a3d-88af-fa24445977ec" testName="GameBoy.Tests.AluTests.Or_BasicOperation_CorrectResult" computerName="pkrvm7jw40e0xgp" duration="00:00:00.0002683" startTime="2025-09-08T15:10:54.7196034+00:00" endTime="2025-09-08T15:10:54.7196035+00:00" testType="13cdc9d9-ddb5-4fa4-a97d-d965ccfc6d4b" outcome="Passed" testListId="8c84fa94-04c1-424b-9868-57a2d4851a1d" relativeResultsDirectory="08d87677-5550-4540-b3d5-f6d8122ffa9e" />
    <UnitTestResult executionId="bc19199a-0e71-45fd-bdfd-7e6214b28039" testId="ab6aa2e3-320c-8f7b-e9af-5c9d131cbb2d" testName="GameBoy.Tests.InstructionDecodingTests.SpecificInstructions_HaveCorrectMetadata(opcode: 240, expectedMnemonic: &quot;LDH A,(a8)&quot;, expectedLength: 2, expectedCycles: 12, expectedOperandType: MemoryImmediate8)" computerName="pkrvm7jw40e0xgp" duration="00:00:00.0000131" startTime="2025-09-08T15:10:54.7109469+00:00" endTime="2025-09-08T15:10:54.7109470+00:00" testType="13cdc9d9-ddb5-4fa4-a97d-d965ccfc6d4b" outcome="Passed" testListId="8c84fa94-04c1-424b-9868-57a2d4851a1d" relativeResultsDirectory="bc19199a-0e71-45fd-bdfd-7e6214b28039" />
    <UnitTestResult executionId="bdfd8fd2-8d3a-40b3-b208-7dc1bdf82605" testId="775f5db1-5f70-460a-b41a-0bd44483a2e8" testName="GameBoy.Tests.Mbc3Tests.BatteryInterface_LargeRamSize_HandledCorrectly" computerName="pkrvm7jw40e0xgp" duration="00:00:00.0002977" startTime="2025-09-08T15:10:54.7289433+00:00" endTime="2025-09-08T15:10:54.7289434+00:00" testType="13cdc9d9-ddb5-4fa4-a97d-d965ccfc6d4b" outcome="Passed" testListId="8c84fa94-04c1-424b-9868-57a2d4851a1d" relativeResultsDirectory="bdfd8fd2-8d3a-40b3-b208-7dc1bdf82605" />
    <UnitTestResult executionId="c823cbe1-ffcb-4603-8ed5-64c0c499accf" testId="bfb1d342-e7f4-aed9-f8c1-b4963cb41e12" testName="GameBoy.Tests.AluTests.Xor_BasicOperation_CorrectResult" computerName="pkrvm7jw40e0xgp" duration="00:00:00.0002368" startTime="2025-09-08T15:10:54.7153272+00:00" endTime="2025-09-08T15:10:54.7153273+00:00" testType="13cdc9d9-ddb5-4fa4-a97d-d965ccfc6d4b" outcome="Passed" testListId="8c84fa94-04c1-424b-9868-57a2d4851a1d" relativeResultsDirectory="c823cbe1-ffcb-4603-8ed5-64c0c499accf" />
    <UnitTestResult executionId="66df73fa-ad97-45a0-b157-d6fd85f2865c" testId="2f0ddee0-7fdb-c7a4-59d6-c0c2dfc9450d" testName="GameBoy.Tests.Mbc5Tests.WriteRom_MaxBankNumber_WorksAtLimits" computerName="pkrvm7jw40e0xgp" duration="00:00:00.0247691" startTime="2025-09-08T15:10:54.8009133+00:00" endTime="2025-09-08T15:10:54.8009135+00:00" testType="13cdc9d9-ddb5-4fa4-a97d-d965ccfc6d4b" outcome="Passed" testListId="8c84fa94-04c1-424b-9868-57a2d4851a1d" relativeResultsDirectory="66df73fa-ad97-45a0-b157-d6fd85f2865c" />
    <UnitTestResult executionId="6113f7ec-9f3c-44af-a8ab-77587eee36e2" testId="16ac6d48-3c29-1113-a2f2-ffb9acaad24b" testName="GameBoy.Tests.CartridgeHeaderTests.RomSize_InvalidCodes_DefaultsTo32KB(code: 9)" computerName="pkrvm7jw40e0xgp" duration="00:00:00.0000262" startTime="2025-09-08T15:10:54.7042466+00:00" endTime="2025-09-08T15:10:54.7042467+00:00" testType="13cdc9d9-ddb5-4fa4-a97d-d965ccfc6d4b" outcome="Passed" testListId="8c84fa94-04c1-424b-9868-57a2d4851a1d" relativeResultsDirectory="6113f7ec-9f3c-44af-a8ab-77587eee36e2" />
    <UnitTestResult executionId="8cf1ff83-5422-492e-88c4-03fb07a69f0a" testId="4f4a5c37-0801-c8cd-ca9d-3dd3c079ddeb" testName="GameBoy.Tests.CartridgeHeaderTests.RomSize_CalculatesCorrectSizeForStandardCodes(code: 2, expectedSize: 131072)" computerName="pkrvm7jw40e0xgp" duration="00:00:00.0002338" startTime="2025-09-08T15:10:54.7074691+00:00" endTime="2025-09-08T15:10:54.7074692+00:00" testType="13cdc9d9-ddb5-4fa4-a97d-d965ccfc6d4b" outcome="Passed" testListId="8c84fa94-04c1-424b-9868-57a2d4851a1d" relativeResultsDirectory="8cf1ff83-5422-492e-88c4-03fb07a69f0a" />
    <UnitTestResult executionId="97486ffd-9658-4540-81fe-8ce067d6e223" testId="d3973571-32a8-c5e0-9b1c-cda06e91ccb3" testName="GameBoy.Tests.CartridgeMmuIntegrationTests.Mmu_ExternalRam_Mbc3WithRtc" computerName="pkrvm7jw40e0xgp" duration="00:00:00.0012614" startTime="2025-09-08T15:10:54.7064218+00:00" endTime="2025-09-08T15:10:54.7064219+00:00" testType="13cdc9d9-ddb5-4fa4-a97d-d965ccfc6d4b" outcome="Passed" testListId="8c84fa94-04c1-424b-9868-57a2d4851a1d" relativeResultsDirectory="97486ffd-9658-4540-81fe-8ce067d6e223" />
    <UnitTestResult executionId="058e411d-c815-43e2-a4ff-5d8cf0730d18" testId="0ef137cf-3441-6ca1-8a80-9137dfd5bd2c" testName="GameBoy.Tests.TestResetBehavior.Reset_RestoresAllIORegisterDefaults" computerName="pkrvm7jw40e0xgp" duration="00:00:00.0009874" startTime="2025-09-08T15:10:54.6936378+00:00" endTime="2025-09-08T15:10:54.6936379+00:00" testType="13cdc9d9-ddb5-4fa4-a97d-d965ccfc6d4b" outcome="Passed" testListId="8c84fa94-04c1-424b-9868-57a2d4851a1d" relativeResultsDirectory="058e411d-c815-43e2-a4ff-5d8cf0730d18" />
    <UnitTestResult executionId="221770c1-c76a-4a9f-96ca-6620647fe9d9" testId="d762547f-1f34-4efc-725e-aa84742baa26" testName="GameBoy.Tests.IoRegsTests.IoRegs_ShouldHaveCorrectAddresses" computerName="pkrvm7jw40e0xgp" duration="00:00:00.0001847" startTime="2025-09-08T15:10:54.7250856+00:00" endTime="2025-09-08T15:10:54.7250857+00:00" testType="13cdc9d9-ddb5-4fa4-a97d-d965ccfc6d4b" outcome="Passed" testListId="8c84fa94-04c1-424b-9868-57a2d4851a1d" relativeResultsDirectory="221770c1-c76a-4a9f-96ca-6620647fe9d9" />
    <UnitTestResult executionId="f0e8df3b-a731-4b2c-acbb-1b2c86002282" testId="bcb080de-7b48-8b9a-c3cc-d1356e3215db" testName="GameBoy.Tests.CartridgeHeaderTests.IsValidHeader_InvalidDestinationCodes_ReturnsFalse(destinationCode: 255)" computerName="pkrvm7jw40e0xgp" duration="00:00:00.0003530" startTime="2025-09-08T15:10:54.7073992+00:00" endTime="2025-09-08T15:10:54.7073992+00:00" testType="13cdc9d9-ddb5-4fa4-a97d-d965ccfc6d4b" outcome="Passed" testListId="8c84fa94-04c1-424b-9868-57a2d4851a1d" relativeResultsDirectory="f0e8df3b-a731-4b2c-acbb-1b2c86002282" />
    <UnitTestResult executionId="9fbdb845-5ddb-45e1-adcc-678601226869" testId="84ded9fb-ede0-3dc1-80e9-1a25585c6b33" testName="GameBoy.Tests.CartridgeTests.Detect_Mbc0Rom_ReturnsCorrectCartridge" computerName="pkrvm7jw40e0xgp" duration="00:00:00.0001905" startTime="2025-09-08T15:10:54.7112698+00:00" endTime="2025-09-08T15:10:54.7112698+00:00" testType="13cdc9d9-ddb5-4fa4-a97d-d965ccfc6d4b" outcome="Passed" testListId="8c84fa94-04c1-424b-9868-57a2d4851a1d" relativeResultsDirectory="9fbdb845-5ddb-45e1-adcc-678601226869" />
    <UnitTestResult executionId="5152bda7-70c0-4b4c-9eb3-2e9e2d944589" testId="81e9898a-dae0-2d9c-2628-6c8ec1abaae7" testName="GameBoy.Tests.CpuAddressingTests.GetR8_ThrowsForInvalidIndex" computerName="pkrvm7jw40e0xgp" duration="00:00:00.0005834" startTime="2025-09-08T15:10:54.7217689+00:00" endTime="2025-09-08T15:10:54.7217689+00:00" testType="13cdc9d9-ddb5-4fa4-a97d-d965ccfc6d4b" outcome="Passed" testListId="8c84fa94-04c1-424b-9868-57a2d4851a1d" relativeResultsDirectory="5152bda7-70c0-4b4c-9eb3-2e9e2d944589" />
    <UnitTestResult executionId="324a3b85-00b1-442b-9b12-e2ca23abdce7" testId="33e21037-951c-3984-e25a-6ac5be42e655" testName="GameBoy.Tests.Mbc5Tests.BatteryInterface_GetExternalRam_ReturnsDataIfModified" computerName="pkrvm7jw40e0xgp" duration="00:00:00.0004799" startTime="2025-09-08T15:10:54.7751354+00:00" endTime="2025-09-08T15:10:54.7751355+00:00" testType="13cdc9d9-ddb5-4fa4-a97d-d965ccfc6d4b" outcome="Passed" testListId="8c84fa94-04c1-424b-9868-57a2d4851a1d" relativeResultsDirectory="324a3b85-00b1-442b-9b12-e2ca23abdce7" />
    <UnitTestResult executionId="bc0c6229-5360-4d6b-8ae7-5c95eb6e1f61" testId="ce47119b-555f-ee65-92de-3bb15cab0644" testName="GameBoy.Tests.CartridgeTests.Detect_AllMbc5Variants_ReturnsCorrectCartridge(cartridgeType: 29)" computerName="pkrvm7jw40e0xgp" duration="00:00:00.0000356" startTime="2025-09-08T15:10:54.7050315+00:00" endTime="2025-09-08T15:10:54.7050316+00:00" testType="13cdc9d9-ddb5-4fa4-a97d-d965ccfc6d4b" outcome="Passed" testListId="8c84fa94-04c1-424b-9868-57a2d4851a1d" relativeResultsDirectory="bc0c6229-5360-4d6b-8ae7-5c95eb6e1f61" />
    <UnitTestResult executionId="4d7b2bde-b3f4-4b7f-af0e-eef3605d4728" testId="c0db7c81-a881-e4f5-0ea7-cff88ddfe178" testName="GameBoy.Tests.AluTests.Or_ZeroResult_SetsZeroFlag" computerName="pkrvm7jw40e0xgp" duration="00:00:00.0001337" startTime="2025-09-08T15:10:54.7204048+00:00" endTime="2025-09-08T15:10:54.7204049+00:00" testType="13cdc9d9-ddb5-4fa4-a97d-d965ccfc6d4b" outcome="Passed" testListId="8c84fa94-04c1-424b-9868-57a2d4851a1d" relativeResultsDirectory="4d7b2bde-b3f4-4b7f-af0e-eef3605d4728" />
    <UnitTestResult executionId="757c9168-64bc-4975-a6a3-9428f9e58fa7" testId="c487837f-bc02-4b5c-1084-74141b7cd152" testName="GameBoy.Tests.CpuAddressingTests.WriteDE_WritesToDEAddress" computerName="pkrvm7jw40e0xgp" duration="00:00:00.0003685" startTime="2025-09-08T15:10:54.7128126+00:00" endTime="2025-09-08T15:10:54.7128126+00:00" testType="13cdc9d9-ddb5-4fa4-a97d-d965ccfc6d4b" outcome="Passed" testListId="8c84fa94-04c1-424b-9868-57a2d4851a1d" relativeResultsDirectory="757c9168-64bc-4975-a6a3-9428f9e58fa7" />
    <UnitTestResult executionId="c73c9b95-5f19-4ec3-be68-d5dfcde75b35" testId="af249e2c-5143-e89b-5b70-06a4d6e94623" testName="GameBoy.Tests.MmuTests.IF_ReadsDefaultValue" computerName="pkrvm7jw40e0xgp" duration="00:00:00.0001921" startTime="2025-09-08T15:10:54.6893576+00:00" endTime="2025-09-08T15:10:54.6893576+00:00" testType="13cdc9d9-ddb5-4fa4-a97d-d965ccfc6d4b" outcome="Passed" testListId="8c84fa94-04c1-424b-9868-57a2d4851a1d" relativeResultsDirectory="c73c9b95-5f19-4ec3-be68-d5dfcde75b35" />
    <UnitTestResult executionId="dde7e41e-82ce-48a4-b29d-65e655a61a68" testId="abf8d7ba-f706-2765-abe8-1f16390792ce" testName="GameBoy.Tests.Mbc5Tests.BatteryInterface_MaxRamSize_HandledCorrectly" computerName="pkrvm7jw40e0xgp" duration="00:00:00.0023792" startTime="2025-09-08T15:10:54.7728620+00:00" endTime="2025-09-08T15:10:54.7728621+00:00" testType="13cdc9d9-ddb5-4fa4-a97d-d965ccfc6d4b" outcome="Passed" testListId="8c84fa94-04c1-424b-9868-57a2d4851a1d" relativeResultsDirectory="dde7e41e-82ce-48a4-b29d-65e655a61a68" />
    <UnitTestResult executionId="df953f51-b3cd-4d6c-86df-d2cdc470702a" testId="1b9d65b8-139a-a2f4-8cd6-e1438d583a82" testName="GameBoy.Tests.CpuAddressingTests.SetR16_SetsCorrectRegisterPairValues" computerName="pkrvm7jw40e0xgp" duration="00:00:00.0004417" startTime="2025-09-08T15:10:54.7192797+00:00" endTime="2025-09-08T15:10:54.7192798+00:00" testType="13cdc9d9-ddb5-4fa4-a97d-d965ccfc6d4b" outcome="Passed" testListId="8c84fa94-04c1-424b-9868-57a2d4851a1d" relativeResultsDirectory="df953f51-b3cd-4d6c-86df-d2cdc470702a" />
    <UnitTestResult executionId="5c06e18b-e79c-464b-9e76-c4b5bff2aade" testId="5d0d8ccb-a2bc-886d-beda-f4f6179b95cf" testName="GameBoy.Tests.CpuAddressingTests.HL_IncrementDecrement_HandlesOverflowCorrectly" computerName="pkrvm7jw40e0xgp" duration="00:00:00.0039527" startTime="2025-09-08T15:10:54.7184184+00:00" endTime="2025-09-08T15:10:54.7184185+00:00" testType="13cdc9d9-ddb5-4fa4-a97d-d965ccfc6d4b" outcome="Passed" testListId="8c84fa94-04c1-424b-9868-57a2d4851a1d" relativeResultsDirectory="5c06e18b-e79c-464b-9e76-c4b5bff2aade" />
    <UnitTestResult executionId="65385c50-8368-40b5-a46f-8fb15ad2f635" testId="4501750c-47b1-1500-d12b-8c4255549279" testName="GameBoy.Tests.CartridgeMmuIntegrationTests.Mmu_NoCartridge_ExternalRamReturnsFF" computerName="pkrvm7jw40e0xgp" duration="00:00:00.0043638" startTime="2025-09-08T15:10:54.6982650+00:00" endTime="2025-09-08T15:10:54.6982651+00:00" testType="13cdc9d9-ddb5-4fa4-a97d-d965ccfc6d4b" outcome="Passed" testListId="8c84fa94-04c1-424b-9868-57a2d4851a1d" relativeResultsDirectory="65385c50-8368-40b5-a46f-8fb15ad2f635" />
    <UnitTestResult executionId="67409a48-1dbc-463f-8c12-43cdb6408c11" testId="2c628e7d-7b5c-b3e1-9694-ce7025fafa07" testName="GameBoy.Tests.CpuAddressingTests.WriteHLD_WritesToHLAddressThenDecrementsHL" computerName="pkrvm7jw40e0xgp" duration="00:00:00.0003410" startTime="2025-09-08T15:10:54.7163478+00:00" endTime="2025-09-08T15:10:54.7163479+00:00" testType="13cdc9d9-ddb5-4fa4-a97d-d965ccfc6d4b" outcome="Passed" testListId="8c84fa94-04c1-424b-9868-57a2d4851a1d" relativeResultsDirectory="67409a48-1dbc-463f-8c12-43cdb6408c11" />
    <UnitTestResult executionId="3e6ca73d-3cb4-440a-b951-0ba5237c3b21" testId="4cabacea-653b-d135-c20d-4b3c21639445" testName="GameBoy.Tests.Mbc1Tests.ReadRom_BankX_ReadsFromSwitchableBank" computerName="pkrvm7jw40e0xgp" duration="00:00:00.0061903" startTime="2025-09-08T15:10:54.7306340+00:00" endTime="2025-09-08T15:10:54.7306341+00:00" testType="13cdc9d9-ddb5-4fa4-a97d-d965ccfc6d4b" outcome="Passed" testListId="8c84fa94-04c1-424b-9868-57a2d4851a1d" relativeResultsDirectory="3e6ca73d-3cb4-440a-b951-0ba5237c3b21" />
    <UnitTestResult executionId="1e2d263d-adff-4185-a52f-237994226d24" testId="42b1165a-c412-4f02-26e5-5e4d767a8d9f" testName="GameBoy.Tests.Mbc3Tests.WriteRom_RamAndTimerEnable_EnablesAccess" computerName="pkrvm7jw40e0xgp" duration="00:00:00.0003901" startTime="2025-09-08T15:10:54.7297361+00:00" endTime="2025-09-08T15:10:54.7297362+00:00" testType="13cdc9d9-ddb5-4fa4-a97d-d965ccfc6d4b" outcome="Passed" testListId="8c84fa94-04c1-424b-9868-57a2d4851a1d" relativeResultsDirectory="1e2d263d-adff-4185-a52f-237994226d24" />
    <UnitTestResult executionId="1f7e28b7-fe41-416f-826b-758ee6b9c32b" testId="4f41d852-180f-2523-dd4d-7c6a551e0868" testName="GameBoy.Tests.Mbc5Tests.BatteryInterface_LoadExternalRam_LoadsSavedData" computerName="pkrvm7jw40e0xgp" duration="00:00:00.0003007" startTime="2025-09-08T15:10:54.7453751+00:00" endTime="2025-09-08T15:10:54.7453752+00:00" testType="13cdc9d9-ddb5-4fa4-a97d-d965ccfc6d4b" outcome="Passed" testListId="8c84fa94-04c1-424b-9868-57a2d4851a1d" relativeResultsDirectory="1f7e28b7-fe41-416f-826b-758ee6b9c32b" />
    <UnitTestResult executionId="56723aab-f6fb-4def-bd63-6cb56fed5c6a" testId="9011e578-9021-2ea1-2f28-2ef9d7bf8f9d" testName="GameBoy.Tests.AluTests.Subtract_BasicOperation_CorrectResult" computerName="pkrvm7jw40e0xgp" duration="00:00:00.0001406" startTime="2025-09-08T15:10:54.7203348+00:00" endTime="2025-09-08T15:10:54.7203348+00:00" testType="13cdc9d9-ddb5-4fa4-a97d-d965ccfc6d4b" outcome="Passed" testListId="8c84fa94-04c1-424b-9868-57a2d4851a1d" relativeResultsDirectory="56723aab-f6fb-4def-bd63-6cb56fed5c6a" />
    <UnitTestResult executionId="99690c11-1b8e-4bd5-83ed-3f1b56fffe79" testId="e7e04a3e-1ec2-ba48-ac24-a7974f765367" testName="GameBoy.Tests.Mbc3Tests.RtcRegisters_BoundaryValues_HandledCorrectly" computerName="pkrvm7jw40e0xgp" duration="00:00:00.0003824" startTime="2025-09-08T15:10:54.7303299+00:00" endTime="2025-09-08T15:10:54.7303300+00:00" testType="13cdc9d9-ddb5-4fa4-a97d-d965ccfc6d4b" outcome="Passed" testListId="8c84fa94-04c1-424b-9868-57a2d4851a1d" relativeResultsDirectory="99690c11-1b8e-4bd5-83ed-3f1b56fffe79" />
    <UnitTestResult executionId="1a6f59bf-41b6-4795-8cb5-cfe7e3f300c7" testId="fdcebadb-0653-3b7a-1e44-b449ea53d695" testName="GameBoy.Tests.Mbc1Tests.WriteRom_InvalidAddressRanges_Ignored" computerName="pkrvm7jw40e0xgp" duration="00:00:00.0006510" startTime="2025-09-08T15:10:54.7182595+00:00" endTime="2025-09-08T15:10:54.7182596+00:00" testType="13cdc9d9-ddb5-4fa4-a97d-d965ccfc6d4b" outcome="Passed" testListId="8c84fa94-04c1-424b-9868-57a2d4851a1d" relativeResultsDirectory="1a6f59bf-41b6-4795-8cb5-cfe7e3f300c7" />
    <UnitTestResult executionId="95fa103d-fe14-4924-8f77-54377747da7f" testId="9a193880-0dbc-0c20-4bde-874bbeb0b7c0" testName="GameBoy.Tests.InstructionDecodingTests.Instruction_ExplicitOperandType_OverridesDeduction" computerName="pkrvm7jw40e0xgp" duration="00:00:00.0074185" startTime="2025-09-08T15:10:54.7144268+00:00" endTime="2025-09-08T15:10:54.7144269+00:00" testType="13cdc9d9-ddb5-4fa4-a97d-d965ccfc6d4b" outcome="Passed" testListId="8c84fa94-04c1-424b-9868-57a2d4851a1d" relativeResultsDirectory="95fa103d-fe14-4924-8f77-54377747da7f" />
    <UnitTestResult executionId="8d9b90c6-73be-4e4a-a8be-3619760da70f" testId="fdb2cf0c-963b-0925-7ea4-74bfa1abb27b" testName="GameBoy.Tests.CpuAddressingTests.AddressingHelpers_WorkWithOpcodeExecution" computerName="pkrvm7jw40e0xgp" duration="00:00:00.0060171" startTime="2025-09-08T15:10:54.7137846+00:00" endTime="2025-09-08T15:10:54.7137848+00:00" testType="13cdc9d9-ddb5-4fa4-a97d-d965ccfc6d4b" outcome="Passed" testListId="8c84fa94-04c1-424b-9868-57a2d4851a1d" relativeResultsDirectory="8d9b90c6-73be-4e4a-a8be-3619760da70f" />
    <UnitTestResult executionId="25b7b043-6867-4407-a431-87a116f680df" testId="6a0c53f0-2c18-115f-f674-49a785fc4aaf" testName="GameBoy.Tests.CartridgeHeaderTests.RomSize_InvalidCodes_DefaultsTo32KB(code: 255)" computerName="pkrvm7jw40e0xgp" duration="00:00:00.0002316" startTime="2025-09-08T15:10:54.7041328+00:00" endTime="2025-09-08T15:10:54.7041328+00:00" testType="13cdc9d9-ddb5-4fa4-a97d-d965ccfc6d4b" outcome="Passed" testListId="8c84fa94-04c1-424b-9868-57a2d4851a1d" relativeResultsDirectory="25b7b043-6867-4407-a431-87a116f680df" />
    <UnitTestResult executionId="fef845af-3e82-4d3a-92d6-1c381a763886" testId="3b99c33c-b8ac-a228-4beb-830e9e783e7b" testName="GameBoy.Tests.Mbc3Tests.WriteRom_Bank7BitLimit_OnlyLower7BitsUsed" computerName="pkrvm7jw40e0xgp" duration="00:00:00.0049129" startTime="2025-09-08T15:10:54.7305875+00:00" endTime="2025-09-08T15:10:54.7305875+00:00" testType="13cdc9d9-ddb5-4fa4-a97d-d965ccfc6d4b" outcome="Passed" testListId="8c84fa94-04c1-424b-9868-57a2d4851a1d" relativeResultsDirectory="fef845af-3e82-4d3a-92d6-1c381a763886" />
    <UnitTestResult executionId="f8de30e7-e429-4f28-b332-8ab97df845b2" testId="35a43724-bb7a-aa6d-ce4d-11f4892a4d02" testName="GameBoy.Tests.IoRegionWiringTests.IoRegion_AllReads_CallReadIoRegister" computerName="pkrvm7jw40e0xgp" duration="00:00:00.0055327" startTime="2025-09-08T15:10:54.6833850+00:00" endTime="2025-09-08T15:10:54.6833851+00:00" testType="13cdc9d9-ddb5-4fa4-a97d-d965ccfc6d4b" outcome="Passed" testListId="8c84fa94-04c1-424b-9868-57a2d4851a1d" relativeResultsDirectory="f8de30e7-e429-4f28-b332-8ab97df845b2" />
    <UnitTestResult executionId="780257fd-3226-4f52-8942-9c58b0cd4af7" testId="e9dd6e02-63bd-b5c1-f963-b4c256130de1" testName="GameBoy.Tests.CartridgeTests.Detect_AllMbc1Variants_ReturnsCorrectCartridge(cartridgeType: 3)" computerName="pkrvm7jw40e0xgp" duration="00:00:00.0030994" startTime="2025-09-08T15:10:54.6981927+00:00" endTime="2025-09-08T15:10:54.6981927+00:00" testType="13cdc9d9-ddb5-4fa4-a97d-d965ccfc6d4b" outcome="Passed" testListId="8c84fa94-04c1-424b-9868-57a2d4851a1d" relativeResultsDirectory="780257fd-3226-4f52-8942-9c58b0cd4af7" />
    <UnitTestResult executionId="a3ac2ad7-fc62-4304-a559-31f9cbdfc5c8" testId="9237a3ba-0ae3-e8c9-4a5e-4cfc59fd3dad" testName="GameBoy.Tests.Mbc1Tests.ReadRom_Bank0_ReadsFromFixedBank" computerName="pkrvm7jw40e0xgp" duration="00:00:00.0003592" startTime="2025-09-08T15:10:54.7173829+00:00" endTime="2025-09-08T15:10:54.7173829+00:00" testType="13cdc9d9-ddb5-4fa4-a97d-d965ccfc6d4b" outcome="Passed" testListId="8c84fa94-04c1-424b-9868-57a2d4851a1d" relativeResultsDirectory="a3ac2ad7-fc62-4304-a559-31f9cbdfc5c8" />
    <UnitTestResult executionId="00e1a52a-e79d-4c7b-bc7c-3967bd2d9671" testId="8501c1ff-99df-e43e-04d1-1abd761272e3" testName="GameBoy.Tests.CpuAddressingTests.GetR8_ThrowsForReservedIndex" computerName="pkrvm7jw40e0xgp" duration="00:00:00.0009819" startTime="2025-09-08T15:10:54.7165827+00:00" endTime="2025-09-08T15:10:54.7165828+00:00" testType="13cdc9d9-ddb5-4fa4-a97d-d965ccfc6d4b" outcome="Passed" testListId="8c84fa94-04c1-424b-9868-57a2d4851a1d" relativeResultsDirectory="00e1a52a-e79d-4c7b-bc7c-3967bd2d9671" />
    <UnitTestResult executionId="64a5bbca-b551-43d6-8f6e-7e5cc25b8b18" testId="384b0a87-c0a9-5807-477b-a9400dded61d" testName="GameBoy.Tests.MmuTests.ReadWriteWord_CrossesRegionBoundaries" computerName="pkrvm7jw40e0xgp" duration="00:00:00.0005237" startTime="2025-09-08T15:10:54.5417132+00:00" endTime="2025-09-08T15:10:54.5417133+00:00" testType="13cdc9d9-ddb5-4fa4-a97d-d965ccfc6d4b" outcome="Passed" testListId="8c84fa94-04c1-424b-9868-57a2d4851a1d" relativeResultsDirectory="64a5bbca-b551-43d6-8f6e-7e5cc25b8b18" />
    <UnitTestResult executionId="ad9dc7d8-6e18-44c7-8cd5-28ea4624e036" testId="b4c8c3b9-a36c-6415-a70e-08ca70305f80" testName="GameBoy.Tests.MmuTests.DIV_ReadsDefaultValue" computerName="pkrvm7jw40e0xgp" duration="00:00:00.0002155" startTime="2025-09-08T15:10:54.6932919+00:00" endTime="2025-09-08T15:10:54.6932919+00:00" testType="13cdc9d9-ddb5-4fa4-a97d-d965ccfc6d4b" outcome="Passed" testListId="8c84fa94-04c1-424b-9868-57a2d4851a1d" relativeResultsDirectory="ad9dc7d8-6e18-44c7-8cd5-28ea4624e036" />
    <UnitTestResult executionId="34474dfc-7da9-471b-821a-a4413c75e447" testId="534c64a1-8930-aca9-d3cf-404328265340" testName="GameBoy.Tests.CartridgeHeaderTests.RamSize_CalculatesCorrectSizeForStandardCodes(code: 4, expectedSize: 131072)" computerName="pkrvm7jw40e0xgp" duration="00:00:00.0000373" startTime="2025-09-08T15:10:54.6944244+00:00" endTime="2025-09-08T15:10:54.6944244+00:00" testType="13cdc9d9-ddb5-4fa4-a97d-d965ccfc6d4b" outcome="Passed" testListId="8c84fa94-04c1-424b-9868-57a2d4851a1d" relativeResultsDirectory="34474dfc-7da9-471b-821a-a4413c75e447" />
    <UnitTestResult executionId="5cd37cb4-7fec-41fa-bda1-d20c2ab21c9e" testId="4b1efd1d-1820-03cc-1d36-d771cb4401fa" testName="GameBoy.Tests.AddressingHelpersExampleTests.Example_HighRAMAccess" computerName="pkrvm7jw40e0xgp" duration="00:00:00.0003643" startTime="2025-09-08T15:10:54.7247939+00:00" endTime="2025-09-08T15:10:54.7247940+00:00" testType="13cdc9d9-ddb5-4fa4-a97d-d965ccfc6d4b" outcome="Passed" testListId="8c84fa94-04c1-424b-9868-57a2d4851a1d" relativeResultsDirectory="5cd37cb4-7fec-41fa-bda1-d20c2ab21c9e" />
    <UnitTestResult executionId="eea7919d-ab10-486b-baee-ff8eeaf27a50" testId="0d5a7d16-1b49-533d-395a-8b9c7d4f8bf2" testName="GameBoy.Tests.Mbc5Tests.WriteRom_UnusedRanges_IgnoredCorrectly" computerName="pkrvm7jw40e0xgp" duration="00:00:00.0025070" startTime="2025-09-08T15:10:54.7269543+00:00" endTime="2025-09-08T15:10:54.7269544+00:00" testType="13cdc9d9-ddb5-4fa4-a97d-d965ccfc6d4b" outcome="Passed" testListId="8c84fa94-04c1-424b-9868-57a2d4851a1d" relativeResultsDirectory="eea7919d-ab10-486b-baee-ff8eeaf27a50" />
    <UnitTestResult executionId="e721eeb6-49c9-4a46-b229-f3aaf3b831df" testId="df1a0b85-3fcf-73cc-b0eb-77a8095511aa" testName="GameBoy.Tests.AluTests.AddWithCarry_NoCarryIn_SameAsAdd" computerName="pkrvm7jw40e0xgp" duration="00:00:00.0002212" startTime="2025-09-08T15:10:54.7222430+00:00" endTime="2025-09-08T15:10:54.7222430+00:00" testType="13cdc9d9-ddb5-4fa4-a97d-d965ccfc6d4b" outcome="Passed" testListId="8c84fa94-04c1-424b-9868-57a2d4851a1d" relativeResultsDirectory="e721eeb6-49c9-4a46-b229-f3aaf3b831df" />
    <UnitTestResult executionId="ea23baa5-7dcf-4a30-be1e-00540a8daa0e" testId="952e2890-324a-d838-d4b1-84d5ed86c944" testName="GameBoy.Tests.AluTests.AddWithCarry_CarryInCausesHalfCarry" computerName="pkrvm7jw40e0xgp" duration="00:00:00.0001412" startTime="2025-09-08T15:10:54.7220955+00:00" endTime="2025-09-08T15:10:54.7220956+00:00" testType="13cdc9d9-ddb5-4fa4-a97d-d965ccfc6d4b" outcome="Passed" testListId="8c84fa94-04c1-424b-9868-57a2d4851a1d" relativeResultsDirectory="ea23baa5-7dcf-4a30-be1e-00540a8daa0e" />
    <UnitTestResult executionId="2b9ce123-bfff-4b8d-a035-73495bcfa0d1" testId="0e1a1065-5acf-b7b2-59dc-9aa570229662" testName="GameBoy.Tests.CartridgeHeaderTests.RomSize_CalculatesCorrectSizeForStandardCodes(code: 4, expectedSize: 524288)" computerName="pkrvm7jw40e0xgp" duration="00:00:00.0000150" startTime="2025-09-08T15:10:54.7077554+00:00" endTime="2025-09-08T15:10:54.7077554+00:00" testType="13cdc9d9-ddb5-4fa4-a97d-d965ccfc6d4b" outcome="Passed" testListId="8c84fa94-04c1-424b-9868-57a2d4851a1d" relativeResultsDirectory="2b9ce123-bfff-4b8d-a035-73495bcfa0d1" />
    <UnitTestResult executionId="418c5ae8-549c-4c3c-b1d7-63f2dd50e8e7" testId="c16dde80-73df-e503-e4c5-5ac4986a1dbe" testName="GameBoy.Tests.CartridgeHeaderTests.IsValidHeader_InvalidDestinationCode_ReturnsFalse" computerName="pkrvm7jw40e0xgp" duration="00:00:00.0001858" startTime="2025-09-08T15:10:54.7084451+00:00" endTime="2025-09-08T15:10:54.7084451+00:00" testType="13cdc9d9-ddb5-4fa4-a97d-d965ccfc6d4b" outcome="Passed" testListId="8c84fa94-04c1-424b-9868-57a2d4851a1d" relativeResultsDirectory="418c5ae8-549c-4c3c-b1d7-63f2dd50e8e7" />
    <UnitTestResult executionId="3a09af53-2551-4323-a68e-f84caa2476a0" testId="57d568c1-bd70-919f-3764-999333747a26" testName="GameBoy.Tests.Mbc3Tests.RtcRegisters_InvalidRegisterAccess_ReturnsFF" computerName="pkrvm7jw40e0xgp" duration="00:00:00.0002406" startTime="2025-09-08T15:10:54.7294647+00:00" endTime="2025-09-08T15:10:54.7294647+00:00" testType="13cdc9d9-ddb5-4fa4-a97d-d965ccfc6d4b" outcome="Passed" testListId="8c84fa94-04c1-424b-9868-57a2d4851a1d" relativeResultsDirectory="3a09af53-2551-4323-a68e-f84caa2476a0" />
    <UnitTestResult executionId="cc8738a2-809e-44a3-b141-84390d7bb5e6" testId="6336ba2d-9125-3123-2fea-5b0f73d2d9dd" testName="GameBoy.Tests.EmulatorMbcIntegrationTests.Emulator_BatteryRam_SaveLoad_Mbc1" computerName="pkrvm7jw40e0xgp" duration="00:00:00.0005362" startTime="2025-09-08T15:10:54.7242699+00:00" endTime="2025-09-08T15:10:54.7242699+00:00" testType="13cdc9d9-ddb5-4fa4-a97d-d965ccfc6d4b" outcome="Passed" testListId="8c84fa94-04c1-424b-9868-57a2d4851a1d" relativeResultsDirectory="cc8738a2-809e-44a3-b141-84390d7bb5e6" />
    <UnitTestResult executionId="2d9c49f0-ec16-4cd7-bb8a-bb8b2f6e7627" testId="9c76c2d4-6c77-4aca-32f2-bc9af242acb9" testName="GameBoy.Tests.Mbc5Tests.ExternalRam_4BitBankMasking_OnlyLower4BitsUsed" computerName="pkrvm7jw40e0xgp" duration="00:00:00.0002309" startTime="2025-09-08T15:10:54.8115754+00:00" endTime="2025-09-08T15:10:54.8115755+00:00" testType="13cdc9d9-ddb5-4fa4-a97d-d965ccfc6d4b" outcome="Passed" testListId="8c84fa94-04c1-424b-9868-57a2d4851a1d" relativeResultsDirectory="2d9c49f0-ec16-4cd7-bb8a-bb8b2f6e7627" />
    <UnitTestResult executionId="05be366c-d67c-4b05-bab8-61f13a9b1670" testId="e0a8665e-5aca-ffd8-10a2-2a5ee0aa5dd8" testName="GameBoy.Tests.Mbc3Tests.ExternalRam_RamBanking_WorksCorrectly" computerName="pkrvm7jw40e0xgp" duration="00:00:00.0051195" startTime="2025-09-08T15:10:54.7281330+00:00" endTime="2025-09-08T15:10:54.7281330+00:00" testType="13cdc9d9-ddb5-4fa4-a97d-d965ccfc6d4b" outcome="Passed" testListId="8c84fa94-04c1-424b-9868-57a2d4851a1d" relativeResultsDirectory="05be366c-d67c-4b05-bab8-61f13a9b1670" />
    <UnitTestResult executionId="f6cc9a10-3020-4ab0-bd04-2d2cd741c7b9" testId="4316baa3-f969-5699-9071-8d86a141c6c5" testName="GameBoy.Tests.CartridgeHeaderTests.Title_WithSpecialCharacters_HandlesCorrectly" computerName="pkrvm7jw40e0xgp" duration="00:00:00.0001719" startTime="2025-09-08T15:10:54.7130466+00:00" endTime="2025-09-08T15:10:54.7130467+00:00" testType="13cdc9d9-ddb5-4fa4-a97d-d965ccfc6d4b" outcome="Passed" testListId="8c84fa94-04c1-424b-9868-57a2d4851a1d" relativeResultsDirectory="f6cc9a10-3020-4ab0-bd04-2d2cd741c7b9" />
    <UnitTestResult executionId="ba97f0a9-116d-41bb-a662-3fbc9d0a0eaf" testId="481a9655-e6cf-cca5-fe8e-baa39a8def21" testName="GameBoy.Tests.CartridgeHeaderTests.RamSize_InvalidCodes_DefaultsToZero(code: 6)" computerName="pkrvm7jw40e0xgp" duration="00:00:00.0002201" startTime="2025-09-08T15:10:54.7004033+00:00" endTime="2025-09-08T15:10:54.7004034+00:00" testType="13cdc9d9-ddb5-4fa4-a97d-d965ccfc6d4b" outcome="Passed" testListId="8c84fa94-04c1-424b-9868-57a2d4851a1d" relativeResultsDirectory="ba97f0a9-116d-41bb-a662-3fbc9d0a0eaf" />
    <UnitTestResult executionId="f05bddcb-96cd-44f7-87e6-00110c504543" testId="761e19f4-3a0f-4f27-9f65-eb8b8251edf9" testName="GameBoy.Tests.Mbc5Tests.ExternalRam_OutOfBounds_ReturnsFF" computerName="pkrvm7jw40e0xgp" duration="00:00:00.0002714" startTime="2025-09-08T15:10:54.7308153+00:00" endTime="2025-09-08T15:10:54.7308154+00:00" testType="13cdc9d9-ddb5-4fa4-a97d-d965ccfc6d4b" outcome="Passed" testListId="8c84fa94-04c1-424b-9868-57a2d4851a1d" relativeResultsDirectory="f05bddcb-96cd-44f7-87e6-00110c504543" />
    <UnitTestResult executionId="da56683a-fb6f-4e53-865c-a5fcf331627b" testId="0f6056d8-3f87-2ab3-889d-d689a2583254" testName="GameBoy.Tests.CartridgeTests.Detect_AllMbc2Variants_ThrowsNotSupportedException(cartridgeType: 6)" computerName="pkrvm7jw40e0xgp" duration="00:00:00.0005269" startTime="2025-09-08T15:10:54.7054956+00:00" endTime="2025-09-08T15:10:54.7054957+00:00" testType="13cdc9d9-ddb5-4fa4-a97d-d965ccfc6d4b" outcome="Passed" testListId="8c84fa94-04c1-424b-9868-57a2d4851a1d" relativeResultsDirectory="da56683a-fb6f-4e53-865c-a5fcf331627b" />
    <UnitTestResult executionId="00c060d0-05c2-4515-9e01-3f84c08dccc8" testId="04567a99-31ad-e68c-43f8-bafe9bfa1d3d" testName="GameBoy.Tests.AluTests.SubtractWithCarry_CarryInCausesUnderflow" computerName="pkrvm7jw40e0xgp" duration="00:00:00.0002993" startTime="2025-09-08T15:10:54.7201203+00:00" endTime="2025-09-08T15:10:54.7201203+00:00" testType="13cdc9d9-ddb5-4fa4-a97d-d965ccfc6d4b" outcome="Passed" testListId="8c84fa94-04c1-424b-9868-57a2d4851a1d" relativeResultsDirectory="00c060d0-05c2-4515-9e01-3f84c08dccc8" />
    <UnitTestResult executionId="8b3372af-83b6-4cc2-be4a-3c73053619d1" testId="a5e31c1c-3c8d-f59e-e67f-7323eceb767c" testName="GameBoy.Tests.InstructionDecodingTests.Instruction_LengthMatchesOperandType" computerName="pkrvm7jw40e0xgp" duration="00:00:00.0063355" startTime="2025-09-08T15:10:54.7132818+00:00" endTime="2025-09-08T15:10:54.7132819+00:00" testType="13cdc9d9-ddb5-4fa4-a97d-d965ccfc6d4b" outcome="Passed" testListId="8c84fa94-04c1-424b-9868-57a2d4851a1d" relativeResultsDirectory="8b3372af-83b6-4cc2-be4a-3c73053619d1" />
    <UnitTestResult executionId="73297f72-c391-45b8-b33a-ee03c7e7eb55" testId="7ab97aaf-c2f9-6a53-5c4f-3d5be7afbb5f" testName="GameBoy.Tests.MmuTests.TimerRegisters_ReadDefaultValues" computerName="pkrvm7jw40e0xgp" duration="00:00:00.0002522" startTime="2025-09-08T15:10:54.6895570+00:00" endTime="2025-09-08T15:10:54.6895570+00:00" testType="13cdc9d9-ddb5-4fa4-a97d-d965ccfc6d4b" outcome="Passed" testListId="8c84fa94-04c1-424b-9868-57a2d4851a1d" relativeResultsDirectory="73297f72-c391-45b8-b33a-ee03c7e7eb55" />
    <UnitTestResult executionId="f8ec48c0-b468-4022-a2e6-bd090065b1ba" testId="4975102a-f160-878b-fb69-1ad64624b139" testName="GameBoy.Tests.InstructionDecodingTests.SpecificInstructions_HaveCorrectMetadata(opcode: 62, expectedMnemonic: &quot;LD A,d8&quot;, expectedLength: 2, expectedCycles: 8, expectedOperandType: Immediate8)" computerName="pkrvm7jw40e0xgp" duration="00:00:00.0000047" startTime="2025-09-08T15:10:54.7093975+00:00" endTime="2025-09-08T15:10:54.7093975+00:00" testType="13cdc9d9-ddb5-4fa4-a97d-d965ccfc6d4b" outcome="Passed" testListId="8c84fa94-04c1-424b-9868-57a2d4851a1d" relativeResultsDirectory="f8ec48c0-b468-4022-a2e6-bd090065b1ba" />
    <UnitTestResult executionId="dfa86a45-342b-4a33-88df-def00d3f4025" testId="df87ea20-9c6b-8b54-5808-cc8e594491b2" testName="GameBoy.Tests.Mbc5Tests.ExternalRam_BeyondAvailableBanks_HandledGracefully" computerName="pkrvm7jw40e0xgp" duration="00:00:00.0019193" startTime="2025-09-08T15:10:54.7451345+00:00" endTime="2025-09-08T15:10:54.7451346+00:00" testType="13cdc9d9-ddb5-4fa4-a97d-d965ccfc6d4b" outcome="Passed" testListId="8c84fa94-04c1-424b-9868-57a2d4851a1d" relativeResultsDirectory="dfa86a45-342b-4a33-88df-def00d3f4025" />
    <UnitTestResult executionId="d6db5121-0a34-493a-8fb3-e3556d240cab" testId="ee26ecca-a807-3cac-eb05-97de07cb7248" testName="GameBoy.Tests.IoRegionWiringTests.UnusedIoRegisters_ReturnOxFFOnRead" computerName="pkrvm7jw40e0xgp" duration="00:00:00.0004151" startTime="2025-09-08T15:10:54.6836227+00:00" endTime="2025-09-08T15:10:54.6836227+00:00" testType="13cdc9d9-ddb5-4fa4-a97d-d965ccfc6d4b" outcome="Passed" testListId="8c84fa94-04c1-424b-9868-57a2d4851a1d" relativeResultsDirectory="d6db5121-0a34-493a-8fb3-e3556d240cab" />
    <UnitTestResult executionId="0420df6f-e34b-4f80-9e02-61ac0121f8b6" testId="d18c4703-5a96-82cc-bd1a-56ce1f6aeb61" testName="GameBoy.Tests.Mbc1Tests.BatteryInterface_GetExternalRam_ReturnsDataIfModified" computerName="pkrvm7jw40e0xgp" duration="00:00:00.0002717" startTime="2025-09-08T15:10:54.7279101+00:00" endTime="2025-09-08T15:10:54.7279102+00:00" testType="13cdc9d9-ddb5-4fa4-a97d-d965ccfc6d4b" outcome="Passed" testListId="8c84fa94-04c1-424b-9868-57a2d4851a1d" relativeResultsDirectory="0420df6f-e34b-4f80-9e02-61ac0121f8b6" />
    <UnitTestResult executionId="16c31bf1-9993-4837-b260-d99446c8d3e8" testId="4d528ee0-dbe1-ded6-1a29-cd26c37e4512" testName="GameBoy.Tests.InstructionDecodingTests.Instruction_Properties_AreValid" computerName="pkrvm7jw40e0xgp" duration="00:00:00.0033045" startTime="2025-09-08T15:10:54.7138623+00:00" endTime="2025-09-08T15:10:54.7138624+00:00" testType="13cdc9d9-ddb5-4fa4-a97d-d965ccfc6d4b" outcome="Passed" testListId="8c84fa94-04c1-424b-9868-57a2d4851a1d" relativeResultsDirectory="16c31bf1-9993-4837-b260-d99446c8d3e8" />
    <UnitTestResult executionId="29076837-c538-4662-a689-f44a54b7351f" testId="bcd5ab7b-5b8c-0cc6-16bd-a266853b805c" testName="GameBoy.Tests.AluTests.AddWithCarry_WithCarryIn_AddsOne" computerName="pkrvm7jw40e0xgp" duration="00:00:00.0003072" startTime="2025-09-08T15:10:54.7148876+00:00" endTime="2025-09-08T15:10:54.7148877+00:00" testType="13cdc9d9-ddb5-4fa4-a97d-d965ccfc6d4b" outcome="Passed" testListId="8c84fa94-04c1-424b-9868-57a2d4851a1d" relativeResultsDirectory="29076837-c538-4662-a689-f44a54b7351f" />
    <UnitTestResult executionId="cf801777-5f3b-459d-aa84-0fdf296c4a85" testId="bb65a884-d37a-bdc9-a63d-7b9d786807d1" testName="GameBoy.Tests.CartridgeHeaderTests.RomSize_InvalidCodes_DefaultsTo32KB(code: 85)" computerName="pkrvm7jw40e0xgp" duration="00:00:00.0000625" startTime="2025-09-08T15:10:54.7041917+00:00" endTime="2025-09-08T15:10:54.7041917+00:00" testType="13cdc9d9-ddb5-4fa4-a97d-d965ccfc6d4b" outcome="Passed" testListId="8c84fa94-04c1-424b-9868-57a2d4851a1d" relativeResultsDirectory="cf801777-5f3b-459d-aa84-0fdf296c4a85" />
    <UnitTestResult executionId="75b1e7c0-84d8-4648-bd06-4e3d69a69a5e" testId="e573544f-8572-be64-00a7-7ee9438f0ddb" testName="GameBoy.Tests.EmulatorMbcIntegrationTests.Mmu_ErrorHandling_InvalidRomAccess" computerName="pkrvm7jw40e0xgp" duration="00:00:00.0002832" startTime="2025-09-08T15:10:54.7204746+00:00" endTime="2025-09-08T15:10:54.7204746+00:00" testType="13cdc9d9-ddb5-4fa4-a97d-d965ccfc6d4b" outcome="Passed" testListId="8c84fa94-04c1-424b-9868-57a2d4851a1d" relativeResultsDirectory="75b1e7c0-84d8-4648-bd06-4e3d69a69a5e" />
    <UnitTestResult executionId="4abbbd4c-edf8-40c0-bad1-91d3e8b2fe8b" testId="7228e315-3e10-614e-b4d8-f5be940bd300" testName="GameBoy.Tests.MmuTests.EchoRam_MirrorsWorkRam" computerName="pkrvm7jw40e0xgp" duration="00:00:00.0002952" startTime="2025-09-08T15:10:54.5418157+00:00" endTime="2025-09-08T15:10:54.5418158+00:00" testType="13cdc9d9-ddb5-4fa4-a97d-d965ccfc6d4b" outcome="Passed" testListId="8c84fa94-04c1-424b-9868-57a2d4851a1d" relativeResultsDirectory="4abbbd4c-edf8-40c0-bad1-91d3e8b2fe8b" />
    <UnitTestResult executionId="27e2f51e-9049-4724-9863-127d5a43d097" testId="3fce3dfd-c2dc-3773-5e41-3be0911fdc6e" testName="GameBoy.Tests.MmuTests.Unstubbed_IORegisters_ReadAs0xFF" computerName="pkrvm7jw40e0xgp" duration="00:00:00.0002932" startTime="2025-09-08T15:10:54.6935107+00:00" endTime="2025-09-08T15:10:54.6935108+00:00" testType="13cdc9d9-ddb5-4fa4-a97d-d965ccfc6d4b" outcome="Passed" testListId="8c84fa94-04c1-424b-9868-57a2d4851a1d" relativeResultsDirectory="27e2f51e-9049-4724-9863-127d5a43d097" />
    <UnitTestResult executionId="8832b754-f921-4f4b-94cb-354d9d9bc7f6" testId="683cdc6c-aca6-240b-2899-0536960988c5" testName="GameBoy.Tests.CartridgeHeaderTests.IsHeaderChecksumValid_InvalidChecksum_ReturnsFalse" computerName="pkrvm7jw40e0xgp" duration="00:00:00.0015835" startTime="2025-09-08T15:10:54.7113374+00:00" endTime="2025-09-08T15:10:54.7113375+00:00" testType="13cdc9d9-ddb5-4fa4-a97d-d965ccfc6d4b" outcome="Passed" testListId="8c84fa94-04c1-424b-9868-57a2d4851a1d" relativeResultsDirectory="8832b754-f921-4f4b-94cb-354d9d9bc7f6" />
    <UnitTestResult executionId="9c791428-7539-4a3e-b77a-3f1f456af484" testId="d52bd06f-905d-5b25-a3dc-e931e3543ff5" testName="GameBoy.Tests.Mbc3Tests.ReadRom_Bank0_ReadsFromFixedBank" computerName="pkrvm7jw40e0xgp" duration="00:00:00.0005505" startTime="2025-09-08T15:10:54.7293918+00:00" endTime="2025-09-08T15:10:54.7293919+00:00" testType="13cdc9d9-ddb5-4fa4-a97d-d965ccfc6d4b" outcome="Passed" testListId="8c84fa94-04c1-424b-9868-57a2d4851a1d" relativeResultsDirectory="9c791428-7539-4a3e-b77a-3f1f456af484" />
[...]
    <TestEntry testId="51d07686-24c4-ee02-9f12-c31d909b6dbb" executionId="44245ead-f91e-4a3d-9fd9-27913205ec61" testListId="8c84fa94-04c1-424b-9868-57a2d4851a1d" />
    <TestEntry testId="c34393e5-11ff-d095-6271-fff69a281c2a" executionId="2dbfe3c2-3416-4d92-912b-a0e3a5ccfb75" testListId="8c84fa94-04c1-424b-9868-57a2d4851a1d" />
    <TestEntry testId="6fc09a62-c0e9-f33d-573b-10f9b8d9c5e4" executionId="1d30a23b-76a6-4847-90d6-4071dc25bc00" testListId="8c84fa94-04c1-424b-9868-57a2d4851a1d" />
    <TestEntry testId="e6e8aab5-22e2-c84e-dced-9029f5c03e83" executionId="8e3b0e32-e983-4bbe-a7c3-80921e0fcaae" testListId="8c84fa94-04c1-424b-9868-57a2d4851a1d" />
    <TestEntry testId="273780bc-9d35-9771-839e-50ffbcedd9a6" executionId="d7207dab-7b3f-4cf5-a180-034bb8e096e8" testListId="8c84fa94-04c1-424b-9868-57a2d4851a1d" />
    <TestEntry testId="a3d01c83-e6c8-c87f-c8ab-1076eaff97bc" executionId="98b8255c-5bb7-41d1-b222-c085c43c7a0c" testListId="8c84fa94-04c1-424b-9868-57a2d4851a1d" />
    <TestEntry testId="03998699-8804-fa46-2cf1-6fce64dedde7" executionId="c10a1883-892b-4ae6-8d12-c7f88bbaf75a" testListId="8c84fa94-04c1-424b-9868-57a2d4851a1d" />
    <TestEntry testId="42334b4e-a9e4-fed1-ce65-dd9bb063f4ff" executionId="ec063684-5529-4e0e-aaf7-94bf4b1e5895" testListId="8c84fa94-04c1-424b-9868-57a2d4851a1d" />
    <TestEntry testId="2688697e-d89d-3238-8e63-78a55baae666" executionId="c9566240-6424-4b38-8a53-8b4eb7f28e0b" testListId="8c84fa94-04c1-424b-9868-57a2d4851a1d" />
    <TestEntry testId="874f25be-fa61-5df7-d30a-9840673a85ee" executionId="1f9cd214-8f9e-469d-8033-f085ed912117" testListId="8c84fa94-04c1-424b-9868-57a2d4851a1d" />
    <TestEntry testId="f852aa46-1c23-85f8-8f34-1c64041782d8" executionId="999f2725-d84f-4561-a61e-62ccb86aa71c" testListId="8c84fa94-04c1-424b-9868-57a2d4851a1d" />
    <TestEntry testId="4c340c87-3d3f-f687-2b3d-025b42c09c7e" executionId="14a0d7f4-a2f7-4365-946d-5c8479612269" testListId="8c84fa94-04c1-424b-9868-57a2d4851a1d" />
    <TestEntry testId="2aec11aa-37a8-9a8f-0f87-0adecc796d0a" executionId="0c0ac13e-66f2-4d6a-92c0-be9e4bdd0f6a" testListId="8c84fa94-04c1-424b-9868-57a2d4851a1d" />
    <TestEntry testId="dec00889-2e21-64f2-59d7-4a4cf95b0615" executionId="7f52fd08-59e2-4b34-8110-e21b4b0c9450" testListId="8c84fa94-04c1-424b-9868-57a2d4851a1d" />
    <TestEntry testId="de495bfb-e18f-7b3e-358c-ab844b968319" executionId="40a77cfd-7016-40eb-89f4-490fc7d2bf23" testListId="8c84fa94-04c1-424b-9868-57a2d4851a1d" />
    <TestEntry testId="50a9db97-c4ae-2cab-3c13-bfa335de1e80" executionId="5118a2ca-99b7-4193-bc8d-8c695f5c3b02" testListId="8c84fa94-04c1-424b-9868-57a2d4851a1d" />
    <TestEntry testId="475d18e5-9db1-a092-702c-7aaa422889f3" executionId="b58eada3-698b-4734-8914-e154aa8eb299" testListId="8c84fa94-04c1-424b-9868-57a2d4851a1d" />
    <TestEntry testId="99cc3c43-4d2a-2e5c-c15d-54e63153c5aa" executionId="26fbd2ed-bfaa-420f-8aa7-860c2421bf1c" testListId="8c84fa94-04c1-424b-9868-57a2d4851a1d" />
    <TestEntry testId="31a2cd14-3018-c3a0-d56c-722448a85c38" executionId="f7771ff2-ae5e-46cb-9656-0a64324bdb0d" testListId="8c84fa94-04c1-424b-9868-57a2d4851a1d" />
    <TestEntry testId="cacebda4-2c80-c528-2f0b-83bab685baec" executionId="f85eb467-920c-4013-ac67-1eb3acbc4931" testListId="8c84fa94-04c1-424b-9868-57a2d4851a1d" />
    <TestEntry testId="f2f72251-7ff4-def6-c2fa-951bdc1f5ab8" executionId="dea79093-23bc-40ac-8c87-11b49f8131fd" testListId="8c84fa94-04c1-424b-9868-57a2d4851a1d" />
    <TestEntry testId="a78bfd80-34fa-e94c-5a6c-332161625b79" executionId="6c14e143-1df3-4cbd-a5aa-28328439c400" testListId="8c84fa94-04c1-424b-9868-57a2d4851a1d" />
    <TestEntry testId="4e34fb28-c0fe-9ad1-2f5a-0c2c79133b02" executionId="4426b40d-87be-4741-8417-cd88f56b0120" testListId="8c84fa94-04c1-424b-9868-57a2d4851a1d" />
    <TestEntry testId="5964bdbb-4261-95b0-17a2-f655f9c5696d" executionId="ce5a67f3-cec4-4756-af12-2c77ad11159b" testListId="8c84fa94-04c1-424b-9868-57a2d4851a1d" />
    <TestEntry testId="841327a6-4cac-5638-2ce1-ecbc848d0713" executionId="00693504-d2ad-45ce-8b7d-cd05844f9ae8" testListId="8c84fa94-04c1-424b-9868-57a2d4851a1d" />
    <TestEntry testId="8cda3782-137b-73f5-d8e8-1791e2c39181" executionId="877ecbe1-864b-489a-9dea-f2bf6f356c99" testListId="8c84fa94-04c1-424b-9868-57a2d4851a1d" />
    <TestEntry testId="599718d7-ac06-0329-9b10-9b780bab0f8c" executionId="1ec95171-9f00-46ab-8670-48edb00483f9" testListId="8c84fa94-04c1-424b-9868-57a2d4851a1d" />
    <TestEntry testId="34ba6aef-23b1-36de-6e3a-5dcc805b4fb9" executionId="189bb045-2d7f-4e97-a4eb-8e72ada1bf08" testListId="8c84fa94-04c1-424b-9868-57a2d4851a1d" />
    <TestEntry testId="5860b7d3-064b-7580-7ff5-c38a3b9dbc98" executionId="8e9d2d23-57bf-4cbd-95e5-b2b4069e3dc7" testListId="8c84fa94-04c1-424b-9868-57a2d4851a1d" />
    <TestEntry testId="d2de1748-4cda-1283-f839-41f72f6fcc0b" executionId="0d0a109e-93d6-45a5-b13e-1bfdf2763ec7" testListId="8c84fa94-04c1-424b-9868-57a2d4851a1d" />
    <TestEntry testId="aa868f13-f5bb-fc20-4fe5-4cc0d9310ff0" executionId="a5152590-f003-454f-a9a8-0aa6bf73adf5" testListId="8c84fa94-04c1-424b-9868-57a2d4851a1d" />
    <TestEntry testId="71d4783d-8f76-fa0c-236a-d09af5d224bb" executionId="b568a754-d531-4aee-8277-31402246e17f" testListId="8c84fa94-04c1-424b-9868-57a2d4851a1d" />
    <TestEntry testId="13b2d5ab-a8d7-fa2d-5c45-a2159bda8e06" executionId="590e1a1d-fbeb-48c7-aff7-4c42642a0284" testListId="8c84fa94-04c1-424b-9868-57a2d4851a1d" />
    <TestEntry testId="49e42d62-0daf-f033-f1a3-4753a5cc45f0" executionId="0ecd01d7-c83e-45e7-8ace-8f3ffbf04c39" testListId="8c84fa94-04c1-424b-9868-57a2d4851a1d" />
    <TestEntry testId="5525e27a-2b87-a233-5a11-e2cf4811b5ef" executionId="438372b3-5f10-40b6-9e8d-0fdf7769bea2" testListId="8c84fa94-04c1-424b-9868-57a2d4851a1d" />
    <TestEntry testId="a0685b46-9ede-ed1a-9e00-40141b5825d3" executionId="c575c78d-564d-4d02-973d-85a44de3f320" testListId="8c84fa94-04c1-424b-9868-57a2d4851a1d" />
    <TestEntry testId="47f9bf91-a312-60de-4a04-0ac4673159a6" executionId="e431e776-33f2-4c3a-9e1f-051eb59fce95" testListId="8c84fa94-04c1-424b-9868-57a2d4851a1d" />
    <TestEntry testId="b150f0c7-fa26-71ca-4a24-1979b341f3ca" executionId="253341db-f856-4d1d-9046-0ac45df1cc4c" testListId="8c84fa94-04c1-424b-9868-57a2d4851a1d" />
    <TestEntry testId="26883bbb-ed62-9ce9-3caf-c0e39a2a600e" executionId="e7d6f38b-5865-4eb6-9e1e-7de4893481fd" testListId="8c84fa94-04c1-424b-9868-57a2d4851a1d" />
    <TestEntry testId="fc41b0d3-293c-7ed1-03db-0b90bf1e8d94" executionId="9971a1f3-806f-495f-a3f1-773daacc1fa3" testListId="8c84fa94-04c1-424b-9868-57a2d4851a1d" />
    <TestEntry testId="12094dc9-7f3b-3b43-56c7-cfacac39a0fa" executionId="1b8c99ab-c7e4-486d-a045-4f77a9ba79db" testListId="8c84fa94-04c1-424b-9868-57a2d4851a1d" />
    <TestEntry testId="c2ce2b0d-d6eb-905f-0cc0-9ac98a3b9437" executionId="36d4b97d-1520-42ee-854b-b10bfea96f95" testListId="8c84fa94-04c1-424b-9868-57a2d4851a1d" />
    <TestEntry testId="cd72fd40-3c25-0508-1dbc-43cd674b13bb" executionId="331be20a-f28b-4fc7-83ef-1beea69e632b" testListId="8c84fa94-04c1-424b-9868-57a2d4851a1d" />
    <TestEntry testId="80e90cc0-268b-4732-33ce-b0e78ab64af9" executionId="8fd8238a-974f-4d34-a944-a212c0188e9d" testListId="8c84fa94-04c1-424b-9868-57a2d4851a1d" />
    <TestEntry testId="1a99f535-58ef-5f45-a666-3cf07f572492" executionId="2ed5e7b8-5e3f-4a3f-8065-55c194b7ed19" testListId="8c84fa94-04c1-424b-9868-57a2d4851a1d" />
    <TestEntry testId="9e8a8bbb-0354-2079-c028-bce199135a45" executionId="d67f0628-1e03-4299-a8f3-7c17410db36f" testListId="8c84fa94-04c1-424b-9868-57a2d4851a1d" />
    <TestEntry testId="4738d8ec-b32d-b8a3-e010-5e3023022f54" executionId="d20baafb-9a91-4add-96a1-619395ea2a52" testListId="8c84fa94-04c1-424b-9868-57a2d4851a1d" />
    <TestEntry testId="f6a200d1-b9b8-5095-0a61-e8c0493b4264" executionId="a8335399-2c7d-41b0-b0d8-5d3c353fe1cf" testListId="8c84fa94-04c1-424b-9868-57a2d4851a1d" />
    <TestEntry testId="510961c9-0b2a-b981-7f3f-8c335fddabb1" executionId="199b3115-de2e-45c4-813c-f74eea50dede" testListId="8c84fa94-04c1-424b-9868-57a2d4851a1d" />
    <TestEntry testId="57bc568e-7665-04e8-5fdd-510df1b63c38" executionId="666ee8d4-76fa-412c-a53e-279d45c79163" testListId="8c84fa94-04c1-424b-9868-57a2d4851a1d" />
    <TestEntry testId="74132915-1155-a173-97ca-5489fb71d040" executionId="59156530-e409-433b-99cb-2e4f5a369a80" testListId="8c84fa94-04c1-424b-9868-57a2d4851a1d" />
    <TestEntry testId="c20216b8-3d53-870c-3d98-85b451f87145" executionId="c5a56905-e284-4567-8a4b-da152c99e56f" testListId="8c84fa94-04c1-424b-9868-57a2d4851a1d" />
    <TestEntry testId="98ee9077-e403-a9b5-6b6c-2cf1d38f61f3" executionId="eccd9a7e-8285-4d83-bad5-d15d6f9ef2f4" testListId="8c84fa94-04c1-424b-9868-57a2d4851a1d" />
    <TestEntry testId="adf23f40-2859-f79c-dec4-a4f9a98c1f87" executionId="7fe762c0-8242-4095-8681-b61b9dc848cd" testListId="8c84fa94-04c1-424b-9868-57a2d4851a1d" />
    <TestEntry testId="06dbb17f-0a44-4522-049b-1c6cf3bf3755" executionId="395157ff-561d-42b6-9e99-7e8f3b2df6f3" testListId="8c84fa94-04c1-424b-9868-57a2d4851a1d" />
    <TestEntry testId="892517e5-2cf5-e85a-1d55-05972719f450" executionId="df025a40-f0bd-4c31-9232-03a8186483d5" testListId="8c84fa94-04c1-424b-9868-57a2d4851a1d" />
    <TestEntry testId="925ace13-a21f-4713-d4c7-21a444f757ef" executionId="50b6b0a9-fb6c-4158-a888-980da637089d" testListId="8c84fa94-04c1-424b-9868-57a2d4851a1d" />
    <TestEntry testId="77182e8d-b8f8-e457-3fae-28dfdff8725f" executionId="56cc6f3f-6096-400b-9346-b82f0118206f" testListId="8c84fa94-04c1-424b-9868-57a2d4851a1d" />
    <TestEntry testId="e37e904c-e09a-b555-45f3-729984081eed" executionId="7eca8178-928f-4d63-bc6c-ca1bed47d574" testListId="8c84fa94-04c1-424b-9868-57a2d4851a1d" />
    <TestEntry testId="83a2a8f8-10a0-63f7-9572-5acd26c91a73" executionId="1b151717-b4ce-4a30-811c-371cb97a773d" testListId="8c84fa94-04c1-424b-9868-57a2d4851a1d" />
    <TestEntry testId="8b6a2a0c-c8d5-5cee-bfdd-1ab4842e3690" executionId="3cb0ebf6-0310-47f4-b8b2-a69cd5f6620d" testListId="8c84fa94-04c1-424b-9868-57a2d4851a1d" />
    <TestEntry testId="5924fbe0-0856-ba6d-5f56-bda58dc0f81a" executionId="d0e384d6-797d-4fde-9ad6-ab215739e1b7" testListId="8c84fa94-04c1-424b-9868-57a2d4851a1d" />
    <TestEntry testId="8a920482-bb78-609e-ade1-d9fd2bf946ac" executionId="6947c8b7-5933-4c8e-91c2-9d8fd19deffa" testListId="8c84fa94-04c1-424b-9868-57a2d4851a1d" />
    <TestEntry testId="3f0d6e46-8baa-f2a8-ffbe-169b35cd84a1" executionId="bf3c9b6f-a57f-4cdb-a670-92e05245e999" testListId="8c84fa94-04c1-424b-9868-57a2d4851a1d" />
    <TestEntry testId="f875f231-3682-e917-5927-759456c2b78f" executionId="813948f0-354e-493e-b90a-0bfbd3509865" testListId="8c84fa94-04c1-424b-9868-57a2d4851a1d" />
    <TestEntry testId="b09e3f56-27cc-ba83-332b-895d4fe4a28f" executionId="00fa0993-6f9a-4923-8cb6-828fbe9fd714" testListId="8c84fa94-04c1-424b-9868-57a2d4851a1d" />
    <TestEntry testId="2c33bfb1-e133-563f-095d-da8765942f63" executionId="fe2a5c51-004c-4d3c-a065-0ae17ac3b255" testListId="8c84fa94-04c1-424b-9868-57a2d4851a1d" />
    <TestEntry testId="b32aab51-13eb-6cd3-29c0-f36d5c586e8c" executionId="9ce6a7f8-3780-4ef6-af5d-0f97827ee08b" testListId="8c84fa94-04c1-424b-9868-57a2d4851a1d" />
    <TestEntry testId="868c6e37-cda9-3454-52f1-7ea096cc11d1" executionId="c54cff77-8c34-4b52-9c54-a5969a3a98a9" testListId="8c84fa94-04c1-424b-9868-57a2d4851a1d" />
    <TestEntry testId="ef04f673-84e3-cd4d-2450-8c83069b10eb" executionId="7c5ff150-ba54-4b66-8c4a-e91f6edb6385" testListId="8c84fa94-04c1-424b-9868-57a2d4851a1d" />
    <TestEntry testId="11c3bd15-157d-e471-8c85-9eb9f45d7cdf" executionId="64632eb6-a191-4206-8bb3-b416a45ef942" testListId="8c84fa94-04c1-424b-9868-57a2d4851a1d" />
    <TestEntry testId="d29da4c8-84a1-5463-ad48-82a8fa5c6bd4" executionId="346f5f60-9ea3-469c-ac21-5b08b2c4976f" testListId="8c84fa94-04c1-424b-9868-57a2d4851a1d" />
    <TestEntry testId="f8681056-21ff-2663-89c0-a8966f79df64" executionId="fbc0c2e0-8948-4c27-be8a-d19dd954b7c3" testListId="8c84fa94-04c1-424b-9868-57a2d4851a1d" />
    <TestEntry testId="34359d87-23c7-7196-73c9-e6741b1ffeff" executionId="2c3d7037-3980-4756-b4cf-ea9dffc10f3c" testListId="8c84fa94-04c1-424b-9868-57a2d4851a1d" />
    <TestEntry testId="f4657047-c0dd-9134-5680-1706a8daf59b" executionId="15a731ba-0824-4b05-af7d-71651c852888" testListId="8c84fa94-04c1-424b-9868-57a2d4851a1d" />
    <TestEntry testId="e1aa7990-1da1-83da-996d-146c1ddd0d6c" executionId="831599c6-ff90-44e0-a517-2bfea3b92459" testListId="8c84fa94-04c1-424b-9868-57a2d4851a1d" />
    <TestEntry testId="2f056f1e-d672-857f-c119-9a4b6216ba96" executionId="edddfb40-e08b-4660-8c68-9c467e262222" testListId="8c84fa94-04c1-424b-9868-57a2d4851a1d" />
    <TestEntry testId="bfc9ef65-1a17-4d4d-44b1-60bb55d45a15" executionId="392a430e-0bef-4c12-9bc3-7616336d262b" testListId="8c84fa94-04c1-424b-9868-57a2d4851a1d" />
    <TestEntry testId="780e9802-fd3e-fb97-5165-36872cd7596d" executionId="fab1f681-9511-433d-82e2-b50c0dfa553c" testListId="8c84fa94-04c1-424b-9868-57a2d4851a1d" />
    <TestEntry testId="693b087f-6635-45fa-1763-ca3dcb3bc156" executionId="0c32c444-4ced-4018-b22c-f250ec722e0c" testListId="8c84fa94-04c1-424b-9868-57a2d4851a1d" />
    <TestEntry testId="5f331914-41b3-92d2-2fc0-87e754e4a46b" executionId="7213a81d-d89c-4933-8835-9137763de23e" testListId="8c84fa94-04c1-424b-9868-57a2d4851a1d" />
    <TestEntry testId="91f182fd-4e40-6cec-5612-56fc0376e781" executionId="909ce3bd-9b2f-4c32-bb8c-850154684a5b" testListId="8c84fa94-04c1-424b-9868-57a2d4851a1d" />
    <TestEntry testId="7d6987f5-e6da-033a-8efe-53a51124e623" executionId="356b6a3a-2ed9-4cf7-bb6a-c3d715957394" testListId="8c84fa94-04c1-424b-9868-57a2d4851a1d" />
    <TestEntry testId="686f0fc9-db03-2a97-46dc-d662120c4357" executionId="bb669e57-9be1-4945-9cd0-7b3fa2e3c10c" testListId="8c84fa94-04c1-424b-9868-57a2d4851a1d" />
    <TestEntry testId="84951c40-1d39-2cf1-7d54-c2c1cf7967b4" executionId="05bdac69-722a-4420-b451-b6eb90f5d5a0" testListId="8c84fa94-04c1-424b-9868-57a2d4851a1d" />
    <TestEntry testId="aa468564-3fed-7531-2863-b13b77656923" executionId="69ee3f1d-228b-4f94-937a-705eb86d3e1e" testListId="8c84fa94-04c1-424b-9868-57a2d4851a1d" />
    <TestEntry testId="8ce87170-d45b-dd24-b50f-4a90bbbde208" executionId="46b5b6cd-91e7-4473-ab87-4997f8d9f62f" testListId="8c84fa94-04c1-424b-9868-57a2d4851a1d" />
    <TestEntry testId="5867821c-26ab-2d78-4bc5-e20dbefcbaf9" executionId="5e4bba09-aeac-4988-9662-42b783c34378" testListId="8c84fa94-04c1-424b-9868-57a2d4851a1d" />
    <TestEntry testId="0363a9ad-f5a9-fc63-7f70-ff763491ded3" executionId="35085be6-47a9-4b21-9c11-8efc72cf0f39" testListId="8c84fa94-04c1-424b-9868-57a2d4851a1d" />
    <TestEntry testId="b942a944-0529-1d1d-8c96-e0b3d1d7729e" executionId="ec59c853-a552-45dd-b95a-afa54c31bcda" testListId="8c84fa94-04c1-424b-9868-57a2d4851a1d" />
    <TestEntry testId="8cb0f3cb-85ff-d610-1cb2-ffb9ebd4ca3b" executionId="8692593c-aa74-4e44-8809-7ef3b8036d2e" testListId="8c84fa94-04c1-424b-9868-57a2d4851a1d" />
    <TestEntry testId="5d9df125-8a39-59f2-6303-c01c771a22b9" executionId="c63c2808-7fe8-476b-af5e-0dc18fba0b88" testListId="8c84fa94-04c1-424b-9868-57a2d4851a1d" />
    <TestEntry testId="ac5af315-790c-169b-481f-a8260b6ce215" executionId="25a96c10-812c-4598-b0a2-7d36274ebb5b" testListId="8c84fa94-04c1-424b-9868-57a2d4851a1d" />
    <TestEntry testId="836481c2-6b48-55dc-f9b3-7b7da164df37" executionId="df02e308-5f84-4c0e-be48-8cd93da13a17" testListId="8c84fa94-04c1-424b-9868-57a2d4851a1d" />
    <TestEntry testId="8127ea1e-ba01-dcf8-29b0-bba331714c0f" executionId="22427add-c9fe-45e3-bc94-b64706f0bdca" testListId="8c84fa94-04c1-424b-9868-57a2d4851a1d" />
    <TestEntry testId="ef71ee84-beba-bbc9-b32a-a2be75f08d25" executionId="63da5f57-d120-49ea-832d-6401030ec251" testListId="8c84fa94-04c1-424b-9868-57a2d4851a1d" />
    <TestEntry testId="764ee583-306b-f915-490f-c76a102eeb43" executionId="1c1a1fd3-c6e0-4d5e-b923-97176ff14d67" testListId="8c84fa94-04c1-424b-9868-57a2d4851a1d" />
    <TestEntry testId="1dad59b4-c11d-f31e-82c8-045bd3ba0974" executionId="d0d0b6fe-b2ee-45ad-9a75-82c5a9613689" testListId="8c84fa94-04c1-424b-9868-57a2d4851a1d" />
    <TestEntry testId="826e93b1-4bba-1e1e-7e71-9795838b252f" executionId="dda3be9a-12b1-4907-a185-ea98c6c2b1bd" testListId="8c84fa94-04c1-424b-9868-57a2d4851a1d" />
    <TestEntry testId="c4d251ab-8bd3-a71a-db5b-5cdbf0f22bc3" executionId="3c07b253-2fa9-4226-84e8-ab4fa9fdf3e3" testListId="8c84fa94-04c1-424b-9868-57a2d4851a1d" />
    <TestEntry testId="0505824a-6d7b-eeba-4727-6fa79e2c56f3" executionId="ee236213-5ea9-4c24-80d5-49efa6334778" testListId="8c84fa94-04c1-424b-9868-57a2d4851a1d" />
    <TestEntry testId="3efe24c8-deb2-789b-440d-2c5eec635271" executionId="f04c2577-a3ab-4140-bda4-73a07b06ced6" testListId="8c84fa94-04c1-424b-9868-57a2d4851a1d" />
    <TestEntry testId="842372a3-4c75-5446-4153-0efabaa521b2" executionId="d8c97e6f-3a08-49db-80e7-248131da3dfe" testListId="8c84fa94-04c1-424b-9868-57a2d4851a1d" />
    <TestEntry testId="fa39466d-d3ef-961a-befb-035a0c704616" executionId="c98c7966-b34a-4f8d-af82-9dafc9fb4fbe" testListId="8c84fa94-04c1-424b-9868-57a2d4851a1d" />
    <TestEntry testId="18c1654c-d336-2734-4751-d18553200a33" executionId="171b5653-ba2b-450a-83d7-e76e9f1cbf80" testListId="8c84fa94-04c1-424b-9868-57a2d4851a1d" />
    <TestEntry testId="c3b4d50e-4599-dc93-f787-7e638b2db9f5" executionId="dd770e53-2c19-484a-9002-009f82437580" testListId="8c84fa94-04c1-424b-9868-57a2d4851a1d" />
    <TestEntry testId="c70ec96d-946c-5567-d811-dbaa8ae6512c" executionId="30910988-f3a6-4cb3-b6d9-80cae98e829b" testListId="8c84fa94-04c1-424b-9868-57a2d4851a1d" />
    <TestEntry testId="41739f19-bfd4-11d4-c1e5-c65c24bff9df" executionId="de040586-d1e6-49df-8d9c-f12c06cd63f4" testListId="8c84fa94-04c1-424b-9868-57a2d4851a1d" />
    <TestEntry testId="bb76f2bc-a20b-0d58-f6e1-710315d4679b" executionId="fbd0eab6-e315-4b32-812b-940668b390cf" testListId="8c84fa94-04c1-424b-9868-57a2d4851a1d" />
    <TestEntry testId="a34e537f-852d-b7b5-3ccb-cabf02fd880d" executionId="2de04cca-daf8-4d0a-a346-81037309d016" testListId="8c84fa94-04c1-424b-9868-57a2d4851a1d" />
    <TestEntry testId="ac5dac57-5554-f3f2-f689-14f493cf01cc" executionId="20fefbf8-b208-4d6c-afb8-f6c7283cda5b" testListId="8c84fa94-04c1-424b-9868-57a2d4851a1d" />
    <TestEntry testId="046f238c-cb98-b705-1764-1dc8284e8326" executionId="aab6a39e-c27b-4c04-b706-867f8a0b888d" testListId="8c84fa94-04c1-424b-9868-57a2d4851a1d" />
    <TestEntry testId="2c025142-773c-e8f8-e1d2-3622f380673e" executionId="84593da2-dfd4-43ff-b0b7-c5663d8eb310" testListId="8c84fa94-04c1-424b-9868-57a2d4851a1d" />
    <TestEntry testId="eb6b7236-545c-f4c6-b413-b1678db3c1b8" executionId="9a84efe3-1039-4f95-b1c7-17e517a4f961" testListId="8c84fa94-04c1-424b-9868-57a2d4851a1d" />
    <TestEntry testId="0b730cc7-d231-f16e-3ff3-f528370de282" executionId="089be07d-2fa8-4810-9e1e-e55cd2ed2bf2" testListId="8c84fa94-04c1-424b-9868-57a2d4851a1d" />
  </TestEntries>
  <TestLists>
    <TestList name="Results Not in a List" id="8c84fa94-04c1-424b-9868-57a2d4851a1d" />
    <TestList name="All Loaded Results" id="19431567-8539-422a-85d7-44ee4e166bda" />
  </TestLists>
  <ResultSummary outcome="Completed">
    <Counters total="306" executed="306" passed="306" failed="0" error="0" timeout="0" aborted="0" inconclusive="0" passedButRunAborted="0" notRunnable="0" notExecuted="0" disconnected="0" warning="0" completed="0" inProgress="0" pending="0" />
    <Output>
      <StdOut>[xUnit.net 00:00:00.00] xUnit.net VSTest Adapter v2.8.2+699d445a1a (64-bit .NET 8.0.19)
[xUnit.net 00:00:00.12]   Discovering: GameBoy.Tests
[xUnit.net 00:00:00.26]   Discovered:  GameBoy.Tests
[xUnit.net 00:00:00.26]   Starting:    GameBoy.Tests
[xUnit.net 00:00:00.68]   Finished:    GameBoy.Tests
</StdOut>
    </Output>
  </ResultSummary>
</TestRun>